0: WARNING:tensorflow:From /home/students/mrehm001/.conda/envs/test/lib/python3.7/site-packages/tensorflow_core/python/ops/resource_variable_ops.py:1630: calling BaseResourceVariable.__init__ (from tensorflow.python.ops.resource_variable_ops) with constraint is deprecated and will be removed in a future version.
0: Instructions for updating:
0: If using Keras pass *_constraint arguments to layers.
0: 2022-05-05 02:58:55.098277: I tensorflow/stream_executor/platform/default/dso_loader.cc:44] Successfully opened dynamic library libcuda.so.1
0: 2022-05-05 02:58:55.174016: I tensorflow/core/common_runtime/gpu/gpu_device.cc:1618] Found device 0 with properties: 
0: name: Tesla  M10 major: 5 minor: 0 memoryClockRate(GHz): 1.0325
0: pciBusID: 0000:40:00.0
0: 2022-05-05 02:58:55.180537: I tensorflow/stream_executor/platform/default/dso_loader.cc:44] Successfully opened dynamic library libcudart.so.10.0
0: 2022-05-05 02:58:55.358905: I tensorflow/stream_executor/platform/default/dso_loader.cc:44] Successfully opened dynamic library libcublas.so.10.0
0: 2022-05-05 02:58:55.676516: I tensorflow/stream_executor/platform/default/dso_loader.cc:44] Successfully opened dynamic library libcufft.so.10.0
0: 2022-05-05 02:58:56.245316: I tensorflow/stream_executor/platform/default/dso_loader.cc:44] Successfully opened dynamic library libcurand.so.10.0
0: 2022-05-05 02:58:56.593861: I tensorflow/stream_executor/platform/default/dso_loader.cc:44] Successfully opened dynamic library libcusolver.so.10.0
0: 2022-05-05 02:58:56.805726: I tensorflow/stream_executor/platform/default/dso_loader.cc:44] Successfully opened dynamic library libcusparse.so.10.0
0: 2022-05-05 02:58:57.380224: I tensorflow/stream_executor/platform/default/dso_loader.cc:44] Successfully opened dynamic library libcudnn.so.7
0: 2022-05-05 02:58:57.385220: I tensorflow/core/common_runtime/gpu/gpu_device.cc:1746] Adding visible gpu devices: 0
0: 2022-05-05 02:58:57.386137: I tensorflow/core/platform/cpu_feature_guard.cc:142] Your CPU supports instructions that this TensorFlow binary was not compiled to use: AVX2 AVX512F FMA
0: 2022-05-05 02:58:57.413810: I tensorflow/core/platform/profile_utils/cpu_utils.cc:94] CPU Frequency: 3200000000 Hz
0: 2022-05-05 02:58:57.414034: I tensorflow/compiler/xla/service/service.cc:168] XLA service 0x560f97f806b0 initialized for platform Host (this does not guarantee that XLA will be used). Devices:
0: 2022-05-05 02:58:57.414051: I tensorflow/compiler/xla/service/service.cc:176]   StreamExecutor device (0): Host, Default Version
0: 2022-05-05 02:58:57.541386: I tensorflow/compiler/xla/service/service.cc:168] XLA service 0x560f97f825d0 initialized for platform CUDA (this does not guarantee that XLA will be used). Devices:
0: 2022-05-05 02:58:57.541421: I tensorflow/compiler/xla/service/service.cc:176]   StreamExecutor device (0): Tesla  M10, Compute Capability 5.0
0: 2022-05-05 02:58:57.543202: I tensorflow/core/common_runtime/gpu/gpu_device.cc:1618] Found device 0 with properties: 
0: name: Tesla  M10 major: 5 minor: 0 memoryClockRate(GHz): 1.0325
0: pciBusID: 0000:40:00.0
0: 2022-05-05 02:58:57.543287: I tensorflow/stream_executor/platform/default/dso_loader.cc:44] Successfully opened dynamic library libcudart.so.10.0
0: 2022-05-05 02:58:57.543322: I tensorflow/stream_executor/platform/default/dso_loader.cc:44] Successfully opened dynamic library libcublas.so.10.0
0: 2022-05-05 02:58:57.543348: I tensorflow/stream_executor/platform/default/dso_loader.cc:44] Successfully opened dynamic library libcufft.so.10.0
0: 2022-05-05 02:58:57.543372: I tensorflow/stream_executor/platform/default/dso_loader.cc:44] Successfully opened dynamic library libcurand.so.10.0
0: 2022-05-05 02:58:57.543396: I tensorflow/stream_executor/platform/default/dso_loader.cc:44] Successfully opened dynamic library libcusolver.so.10.0
0: 2022-05-05 02:58:57.543419: I tensorflow/stream_executor/platform/default/dso_loader.cc:44] Successfully opened dynamic library libcusparse.so.10.0
0: 2022-05-05 02:58:57.543443: I tensorflow/stream_executor/platform/default/dso_loader.cc:44] Successfully opened dynamic library libcudnn.so.7
0: 2022-05-05 02:58:57.546717: I tensorflow/core/common_runtime/gpu/gpu_device.cc:1746] Adding visible gpu devices: 0
0: 2022-05-05 02:58:57.546796: I tensorflow/stream_executor/platform/default/dso_loader.cc:44] Successfully opened dynamic library libcudart.so.10.0
0: 2022-05-05 02:58:57.549332: I tensorflow/core/common_runtime/gpu/gpu_device.cc:1159] Device interconnect StreamExecutor with strength 1 edge matrix:
0: 2022-05-05 02:58:57.549354: I tensorflow/core/common_runtime/gpu/gpu_device.cc:1165]      0 
0: 2022-05-05 02:58:57.549366: I tensorflow/core/common_runtime/gpu/gpu_device.cc:1178] 0:   N 
0: 2022-05-05 02:58:57.552544: I tensorflow/core/common_runtime/gpu/gpu_device.cc:1304] Created TensorFlow device (/job:localhost/replica:0/task:0/device:GPU:0 with 7687 MB memory) -> physical GPU (device: 0, name: Tesla  M10, pci bus id: 0000:40:00.0, compute capability: 5.0)
0: WARNING:tensorflow:From /home/students/mrehm001/.conda/envs/test/lib/python3.7/site-packages/tensorflow_core/python/ops/math_grad.py:1424: where (from tensorflow.python.ops.array_ops) is deprecated and will be removed in a future version.
0: Instructions for updating:
0: Use tf.where in 2.0, which has the same broadcast rule as np.where
0: WARNING:tensorflow:Error in loading the saved optimizer state. As a result, your model is starting with a freshly initialized optimizer.
0: 2022-05-05 02:59:29.128126: I tensorflow/stream_executor/platform/default/dso_loader.cc:44] Successfully opened dynamic library libcublas.so.10.0
0: 2022-05-05 02:59:29.532346: I tensorflow/stream_executor/platform/default/dso_loader.cc:44] Successfully opened dynamic library libcudnn.so.7
0: /home/students/mrehm001/models/ChromaGAN/SOURCE/MODEL/cifar100/my_model_colorizationEpoch19.h5
0: number of images to inpaint 21065
0: total number of batches to colorize 2106
0: Batch 0/2106
0: 21.43465
0: Batch 0/2106
0: 26.339354
0: Batch 0/2106
0: 29.021622
0: Batch 0/2106
0: 20.744497
0: Batch 0/2106
0: 20.71362
0: Batch 0/2106
0: 22.160786
0: Batch 0/2106
0: 27.96865
0: Batch 0/2106
0: 28.609182
0: Batch 0/2106
0: 17.784195
0: Batch 0/2106
0: 26.315666
0: Batch 1/2106
0: 24.810286
0: Batch 1/2106
0: 29.739464
0: Batch 1/2106
0: 22.67042
0: Batch 1/2106
0: 26.139275
0: Batch 1/2106
0: 24.11204
0: Batch 1/2106
0: 18.983858
0: Batch 1/2106
0: 16.895609
0: Batch 1/2106
0: 24.38255
0: Batch 1/2106
0: 27.360586
0: Batch 1/2106
0: 29.695456
0: Batch 2/2106
0: 26.82542
0: Batch 2/2106
0: 26.03298
0: Batch 2/2106
0: 26.490088
0: Batch 2/2106
0: 18.403595
0: Batch 2/2106
0: 24.151335
0: Batch 2/2106
0: 21.339119
0: Batch 2/2106
0: 22.641481
0: Batch 2/2106
0: 23.614832
0: Batch 2/2106
0: 22.82426
0: Batch 2/2106
0: 20.704521
0: Batch 3/2106
0: 19.683662
0: Batch 3/2106
0: 24.437399
0: Batch 3/2106
0: 19.90147
0: Batch 3/2106
0: 19.202488
0: Batch 3/2106
0: 19.556625
0: Batch 3/2106
0: 16.448542
0: Batch 3/2106
0: 27.198647
0: Batch 3/2106
0: 20.964567
0: Batch 3/2106
0: 22.635725
0: Batch 3/2106
0: 20.71886
0: Batch 4/2106
0: 20.369211
0: Batch 4/2106
0: 26.736364
0: Batch 4/2106
0: 22.997494
0: Batch 4/2106
0: 23.568161
0: Batch 4/2106
0: 22.888855
0: Batch 4/2106
0: 31.092148
0: Batch 4/2106
0: 26.821426
0: Batch 4/2106
0: 22.043627
0: Batch 4/2106
0: 22.852318
0: Batch 4/2106
0: 19.382599
0: Batch 5/2106
0: 22.36029
0: Batch 5/2106
0: 25.492985
0: Batch 5/2106
0: 28.650377
0: Batch 5/2106
0: 31.40734
0: Batch 5/2106
0: 18.86172
0: Batch 5/2106
0: 26.30238
0: Batch 5/2106
0: 24.917501
0: Batch 5/2106
0: 23.083908
0: Batch 5/2106
0: 18.906086
0: Batch 5/2106
0: 24.337677
0: Batch 6/2106
0: 28.187563
0: Batch 6/2106
0: 16.33257
0: Batch 6/2106
0: 29.738008
0: Batch 6/2106
0: 25.426363
0: Batch 6/2106
0: 21.49135
0: Batch 6/2106
0: 24.127312
0: Batch 6/2106
0: 25.594078
0: Batch 6/2106
0: 25.666357
0: Batch 6/2106
0: 24.207716
0: Batch 6/2106
0: 26.047127
0: Batch 7/2106
0: 27.375504
0: Batch 7/2106
0: 14.053555
0: Batch 7/2106
0: 28.006922
0: Batch 7/2106
0: 25.273289
0: Batch 7/2106
0: 28.800941
0: Batch 7/2106
0: 29.127382
0: Batch 7/2106
0: 20.143675
0: Batch 7/2106
0: 22.405561
0: Batch 7/2106
0: 26.198435
0: Batch 7/2106
0: 21.891752
0: Batch 8/2106
0: 20.048195
0: Batch 8/2106
0: 19.006067
0: Batch 8/2106
0: 22.92329
0: Batch 8/2106
0: 24.342615
0: Batch 8/2106
0: 20.897537
0: Batch 8/2106
0: 23.765333
0: Batch 8/2106
0: 28.614248
0: Batch 8/2106
0: 17.598652
0: Batch 8/2106
0: 18.36778
0: Batch 8/2106
0: 18.594845
0: Batch 9/2106
0: 25.143105
0: Batch 9/2106
0: 20.881151
0: Batch 9/2106
0: 25.100254
0: Batch 9/2106
0: 25.898258
0: Batch 9/2106
0: 28.70013
0: Batch 9/2106
0: 25.69143
0: Batch 9/2106
0: 23.204142
0: Batch 9/2106
0: 26.817118
0: Batch 9/2106
0: 23.156595
0: Batch 9/2106
0: 14.146446
0: Batch 10/2106
0: 23.351063
0: Batch 10/2106
0: 20.892277
0: Batch 10/2106
0: 22.948185
0: Batch 10/2106
0: 24.068531
0: Batch 10/2106
0: 23.245098
0: Batch 10/2106
0: 15.910633
0: Batch 10/2106
0: 26.659498
0: Batch 10/2106
0: 26.883034
0: Batch 10/2106
0: 19.566807
0: Batch 10/2106
0: 22.964802
0: Batch 11/2106
0: 17.370813
0: Batch 11/2106
0: 23.946169
0: Batch 11/2106
0: 17.675434
0: Batch 11/2106
0: 26.446934
0: Batch 11/2106
0: 22.32307
0: Batch 11/2106
0: 17.8665
0: Batch 11/2106
0: 32.683067
0: Batch 11/2106
0: 27.529245
0: Batch 11/2106
0: 21.025799
0: Batch 11/2106
0: 25.379358
0: Batch 12/2106
0: 28.723038
0: Batch 12/2106
0: 14.223751
0: Batch 12/2106
0: 24.059643
0: Batch 12/2106
0: 22.351822
0: Batch 12/2106
0: 21.137377
0: Batch 12/2106
0: 23.563091
0: Batch 12/2106
0: 18.62949
0: Batch 12/2106
0: 25.888775
0: Batch 12/2106
0: 27.084076
0: Batch 12/2106
0: 20.05448
0: Batch 13/2106
0: 25.656713
0: Batch 13/2106
0: 24.83166
0: Batch 13/2106
0: 29.672646
0: Batch 13/2106
0: 23.115788
0: Batch 13/2106
0: 21.778828
0: Batch 13/2106
0: 25.62867
0: Batch 13/2106
0: 27.029337
0: Batch 13/2106
0: 26.458117
0: Batch 13/2106
0: 24.15147
0: Batch 13/2106
0: 28.4734
0: Batch 14/2106
0: 22.554552
0: Batch 14/2106
0: 22.127901
0: Batch 14/2106
0: 25.819632
0: Batch 14/2106
0: 24.185663
0: Batch 14/2106
0: 22.04471
0: Batch 14/2106
0: 29.127565
0: Batch 14/2106
0: 22.754736
0: Batch 14/2106
0: 25.498583
0: Batch 14/2106
0: 19.321272
0: Batch 14/2106
0: 26.655483
0: Batch 15/2106
0: 23.621433
0: Batch 15/2106
0: 18.184832
0: Batch 15/2106
0: 15.79887
0: Batch 15/2106
0: 24.361155
0: Batch 15/2106
0: 12.579006
0: Batch 15/2106
0: 21.046265
0: Batch 15/2106
0: 25.891157
0: Batch 15/2106
0: 22.379751
0: Batch 15/2106
0: 25.792364
0: Batch 15/2106
0: 23.353386
0: Batch 16/2106
0: 26.569538
0: Batch 16/2106
0: 20.142225
0: Batch 16/2106
0: 24.161655
0: Batch 16/2106
0: 22.607407
0: Batch 16/2106
0: 14.940907
0: Batch 16/2106
0: 23.640038
0: Batch 16/2106
0: 25.857698
0: Batch 16/2106
0: 24.657497
0: Batch 16/2106
0: 25.267427
0: Batch 16/2106
0: 24.38273
0: Batch 17/2106
0: 27.915863
0: Batch 17/2106
0: 22.976582
0: Batch 17/2106
0: 23.92141
0: Batch 17/2106
0: 13.8003235
0: Batch 17/2106
0: 21.961351
0: Batch 17/2106
0: 23.506468
0: Batch 17/2106
0: 24.029259
0: Batch 17/2106
0: 26.803623
0: Batch 17/2106
0: 16.788338
0: Batch 17/2106
0: 24.741776
0: Batch 18/2106
0: 18.639103
0: Batch 18/2106
0: 27.800087
0: Batch 18/2106
0: 24.622843
0: Batch 18/2106
0: 27.393497
0: Batch 18/2106
0: 16.118942
0: Batch 18/2106
0: 28.652887
0: Batch 18/2106
0: 27.10296
0: Batch 18/2106
0: 21.711763
0: Batch 18/2106
0: 24.65346
0: Batch 18/2106
0: 19.29774
0: Batch 19/2106
0: 20.73315
0: Batch 19/2106
0: 28.412983
0: Batch 19/2106
0: 25.187298
0: Batch 19/2106
0: 26.465593
0: Batch 19/2106
0: 28.392326
0: Batch 19/2106
0: 22.099169
0: Batch 19/2106
0: 19.091637
0: Batch 19/2106
0: 23.276787
0: Batch 19/2106
0: 23.612375
0: Batch 19/2106
0: 35.019
0: Batch 20/2106
0: 27.130892
0: Batch 20/2106
0: 24.374346
0: Batch 20/2106
0: 21.426685
0: Batch 20/2106
0: 27.546284
0: Batch 20/2106
0: 22.95257
0: Batch 20/2106
0: 23.354174
0: Batch 20/2106
0: 27.52614
0: Batch 20/2106
0: 27.11557
0: Batch 20/2106
0: 22.22182
0: Batch 20/2106
0: 25.489882
0: Batch 21/2106
0: 24.938143
0: Batch 21/2106
0: 23.464607
0: Batch 21/2106
0: 25.082716
0: Batch 21/2106
0: 20.8936
0: Batch 21/2106
0: 25.242224
0: Batch 21/2106
0: 23.801771
0: Batch 21/2106
0: 19.043262
0: Batch 21/2106
0: 24.531654
0: Batch 21/2106
0: 23.720556
0: Batch 21/2106
0: 19.551394
0: Batch 22/2106
0: 34.30469
0: Batch 22/2106
0: 23.417282
0: Batch 22/2106
0: 14.056141
0: Batch 22/2106
0: 23.42808
0: Batch 22/2106
0: 26.341076
0: Batch 22/2106
0: 17.205954
0: Batch 22/2106
0: 24.373207
0: Batch 22/2106
0: 18.284878
0: Batch 22/2106
0: 24.796373
0: Batch 22/2106
0: 20.255833
0: Batch 23/2106
0: 13.254307
0: Batch 23/2106
0: 26.62762
0: Batch 23/2106
0: 14.149261
0: Batch 23/2106
0: 18.008877
0: Batch 23/2106
0: 20.04858
0: Batch 23/2106
0: 21.9468
0: Batch 23/2106
0: 22.033867
0: Batch 23/2106
0: 22.022253
0: Batch 23/2106
0: 18.649387
0: Batch 23/2106
0: 20.655909
0: Batch 24/2106
0: 26.3825
0: Batch 24/2106
0: 27.270884
0: Batch 24/2106
0: 28.579985
0: Batch 24/2106
0: 22.9935
0: Batch 24/2106
0: 22.298416
0: Batch 24/2106
0: 18.365631
0: Batch 24/2106
0: 27.853796
0: Batch 24/2106
0: 25.676672
0: Batch 24/2106
0: 20.340458
0: Batch 24/2106
0: 16.716991
0: Batch 25/2106
0: 25.522898
0: Batch 25/2106
0: 19.260204
0: Batch 25/2106
0: 21.517653
0: Batch 25/2106
0: 28.999203
0: Batch 25/2106
0: 25.272602
0: Batch 25/2106
0: 27.560532
0: Batch 25/2106
0: 17.49453
0: Batch 25/2106
0: 19.6715
0: Batch 25/2106
0: 26.041391
0: Batch 25/2106
0: 21.682802
0: Batch 26/2106
0: 22.647242
0: Batch 26/2106
0: 18.165209
0: Batch 26/2106
0: 24.41698
0: Batch 26/2106
0: 24.031754
0: Batch 26/2106
0: 19.83871
0: Batch 26/2106
0: 25.559135
0: Batch 26/2106
0: 26.926313
0: Batch 26/2106
0: 27.609282
0: Batch 26/2106
0: 25.899588
0: Batch 26/2106
0: 27.533972
0: Batch 27/2106
0: 21.82138
0: Batch 27/2106
0: 23.74707
0: Batch 27/2106
0: 25.160458
0: Batch 27/2106
0: 28.476244
0: Batch 27/2106
0: 28.173435
0: Batch 27/2106
0: 20.359709
0: Batch 27/2106
0: 17.707804
0: Batch 27/2106
0: 26.996311
0: Batch 27/2106
0: 24.60671
0: Batch 27/2106
0: 29.148916
0: Batch 28/2106
0: 19.556894
0: Batch 28/2106
0: 21.205797
0: Batch 28/2106
0: 20.883411
0: Batch 28/2106
0: 24.513115
0: Batch 28/2106
0: 29.342274
0: Batch 28/2106
0: 22.50609
0: Batch 28/2106
0: 31.083052
0: Batch 28/2106
0: 26.430859
0: Batch 28/2106
0: 26.514162
0: Batch 28/2106
0: 24.609652
0: Batch 29/2106
0: 24.948694
0: Batch 29/2106
0: 21.263472
0: Batch 29/2106
0: 28.544537
0: Batch 29/2106
0: 23.261738
0: Batch 29/2106
0: 19.67927
0: Batch 29/2106
0: 22.779776
0: Batch 29/2106
0: 21.961891
0: Batch 29/2106
0: 26.07151
0: Batch 29/2106
0: 23.881008
0: Batch 29/2106
0: 23.642254
0: Batch 30/2106
0: 16.02359
0: Batch 30/2106
0: 18.908304
0: Batch 30/2106
0: 24.373577
0: Batch 30/2106
0: 26.737911
0: Batch 30/2106
0: 24.583487
0: Batch 30/2106
0: 25.70066
0: Batch 30/2106
0: 24.925089
0: Batch 30/2106
0: 28.197298
0: Batch 30/2106
0: 18.132595
0: Batch 30/2106
0: 24.041676
0: Batch 31/2106
0: 18.549604
0: Batch 31/2106
0: 23.747053
0: Batch 31/2106
0: 19.040327
0: Batch 31/2106
0: 16.991806
0: Batch 31/2106
0: 26.64322
0: Batch 31/2106
0: 21.713345
0: Batch 31/2106
0: 25.064194
0: Batch 31/2106
0: 21.451666
0: Batch 31/2106
0: 24.145245
0: Batch 31/2106
0: 22.45181
0: Batch 32/2106
0: 26.609814
0: Batch 32/2106
0: 21.845146
0: Batch 32/2106
0: 24.542944
0: Batch 32/2106
0: 20.01519
0: Batch 32/2106
0: 24.467882
0: Batch 32/2106
0: 21.61499
0: Batch 32/2106
0: 18.141953
0: Batch 32/2106
0: 19.693462
0: Batch 32/2106
0: 22.048878
0: Batch 32/2106
0: 21.884312
0: Batch 33/2106
0: 22.419296
0: Batch 33/2106
0: 20.163982
0: Batch 33/2106
0: 18.215748
0: Batch 33/2106
0: 21.644163
0: Batch 33/2106
0: 20.596249
0: Batch 33/2106
0: 24.977211
0: Batch 33/2106
0: 17.34674
0: Batch 33/2106
0: 21.09125
0: Batch 33/2106
0: 19.519089
0: Batch 33/2106
0: 24.673512
0: Batch 34/2106
0: 22.790361
0: Batch 34/2106
0: 18.848022
0: Batch 34/2106
0: 24.829994
0: Batch 34/2106
0: 24.370993
0: Batch 34/2106
0: 22.87154
0: Batch 34/2106
0: 21.466888
0: Batch 34/2106
0: 22.276478
0: Batch 34/2106
0: 27.390953
0: Batch 34/2106
0: 23.546196
0: Batch 34/2106
0: 20.732141
0: Batch 35/2106
0: 26.261925
0: Batch 35/2106
0: 28.166853
0: Batch 35/2106
0: 23.33071
0: Batch 35/2106
0: 29.533285
0: Batch 35/2106
0: 23.017832
0: Batch 35/2106
0: 23.185217
0: Batch 35/2106
0: 15.147163
0: Batch 35/2106
0: 25.131065
0: Batch 35/2106
0: 22.449507
0: Batch 35/2106
0: 30.811604
0: Batch 36/2106
0: 23.314152
0: Batch 36/2106
0: 23.403643
0: Batch 36/2106
0: 22.253677
0: Batch 36/2106
0: 25.946081
0: Batch 36/2106
0: 25.474972
0: Batch 36/2106
0: 25.371986
0: Batch 36/2106
0: 18.350641
0: Batch 36/2106
0: 22.168182
0: Batch 36/2106
0: 30.056301
0: Batch 36/2106
0: 24.750137
0: Batch 37/2106
0: 22.847263
0: Batch 37/2106
0: 29.027973
0: Batch 37/2106
0: 32.376434
0: Batch 37/2106
0: 24.300909
0: Batch 37/2106
0: 28.605171
0: Batch 37/2106
0: 27.26064
0: Batch 37/2106
0: 17.92765
0: Batch 37/2106
0: 23.075136
0: Batch 37/2106
0: 26.544182
0: Batch 37/2106
0: 25.407856
0: Batch 38/2106
0: 27.113653
0: Batch 38/2106
0: 26.015398
0: Batch 38/2106
0: 26.602615
0: Batch 38/2106
0: 25.972305
0: Batch 38/2106
0: 20.196157
0: Batch 38/2106
0: 24.846752
0: Batch 38/2106
0: 26.754717
0: Batch 38/2106
0: 23.094675
0: Batch 38/2106
0: 23.445992
0: Batch 38/2106
0: 27.984447
0: Batch 39/2106
0: 19.951395
0: Batch 39/2106
0: 22.232098
0: Batch 39/2106
0: 23.423418
0: Batch 39/2106
0: 20.526993
0: Batch 39/2106
0: 36.75054
0: Batch 39/2106
0: 19.901693
0: Batch 39/2106
0: 15.853828
0: Batch 39/2106
0: 19.015425
0: Batch 39/2106
0: 23.518686
0: Batch 39/2106
0: 29.14317
0: Batch 40/2106
0: 25.203423
0: Batch 40/2106
0: 13.64949
0: Batch 40/2106
0: 27.809652
0: Batch 40/2106
0: 20.589207
0: Batch 40/2106
0: 25.18668
0: Batch 40/2106
0: 31.605759
0: Batch 40/2106
0: 26.931513
0: Batch 40/2106
0: 18.855097
0: Batch 40/2106
0: 22.152893
0: Batch 40/2106
0: 27.738775
0: Batch 41/2106
0: 20.279678
0: Batch 41/2106
0: 24.818169
0: Batch 41/2106
0: 26.419033
0: Batch 41/2106
0: 25.154764
0: Batch 41/2106
0: 23.83728
0: Batch 41/2106
0: 25.217812
0: Batch 41/2106
0: 19.468195
0: Batch 41/2106
0: 19.698242
0: Batch 41/2106
0: 25.253584
0: Batch 41/2106
0: 24.479948
0: Batch 42/2106
0: 28.239845
0: Batch 42/2106
0: 24.256613
0: Batch 42/2106
0: 24.775084
0: Batch 42/2106
0: 25.9255
0: Batch 42/2106
0: 23.980091
0: Batch 42/2106
0: 25.085032
0: Batch 42/2106
0: 19.546577
0: Batch 42/2106
0: 19.938826
0: Batch 42/2106
0: 28.388409
0: Batch 42/2106
0: 25.28108
0: Batch 43/2106
0: 24.626516
0: Batch 43/2106
0: 26.354603
0: Batch 43/2106
0: 32.475777
0: Batch 43/2106
0: 16.782755
0: Batch 43/2106
0: 19.634468
0: Batch 43/2106
0: 25.076426
0: Batch 43/2106
0: 25.012615
0: Batch 43/2106
0: 22.585367
0: Batch 43/2106
0: 29.886919
0: Batch 43/2106
0: 27.815971
0: Batch 44/2106
0: 24.674402
0: Batch 44/2106
0: 21.27602
0: Batch 44/2106
0: 23.333658
0: Batch 44/2106
0: 31.0634
0: Batch 44/2106
0: 22.056486
0: Batch 44/2106
0: 24.862556
0: Batch 44/2106
0: 19.756496
0: Batch 44/2106
0: 25.683262
0: Batch 44/2106
0: 19.720667
0: Batch 44/2106
0: 22.734837
0: Batch 45/2106
0: 22.75973
0: Batch 45/2106
0: 18.759699
0: Batch 45/2106
0: 23.701714
0: Batch 45/2106
0: 23.293936
0: Batch 45/2106
0: 20.397717
0: Batch 45/2106
0: 20.110807
0: Batch 45/2106
0: 24.812862
0: Batch 45/2106
0: 35.001694
0: Batch 45/2106
0: 27.474255
0: Batch 45/2106
0: 25.972158
0: Batch 46/2106
0: 24.607805
0: Batch 46/2106
0: 24.256805
0: Batch 46/2106
0: 29.00973
0: Batch 46/2106
0: 28.346735
0: Batch 46/2106
0: 18.72682
0: Batch 46/2106
0: 19.924353
0: Batch 46/2106
0: 25.033598
0: Batch 46/2106
0: 25.53054
0: Batch 46/2106
0: 21.40458
0: Batch 46/2106
0: 31.809559
0: Batch 47/2106
0: 26.448341
0: Batch 47/2106
0: 25.346281
0: Batch 47/2106
0: 23.75618
0: Batch 47/2106
0: 18.638866
0: Batch 47/2106
0: 25.528164
0: Batch 47/2106
0: 21.92835
0: Batch 47/2106
0: 21.951498
0: Batch 47/2106
0: 22.095829
0: Batch 47/2106
0: 25.000074
0: Batch 47/2106
0: 20.638197
0: Batch 48/2106
0: 24.35081
0: Batch 48/2106
0: 20.55912
0: Batch 48/2106
0: 22.580307
0: Batch 48/2106
0: 24.724474
0: Batch 48/2106
0: 24.342518
0: Batch 48/2106
0: 27.14717
0: Batch 48/2106
0: 19.87665
0: Batch 48/2106
0: 20.792713
0: Batch 48/2106
0: 29.26569
0: Batch 48/2106
0: 25.957718
0: Batch 49/2106
0: 31.086773
0: Batch 49/2106
0: 24.062262
0: Batch 49/2106
0: 21.435898
0: Batch 49/2106
0: 21.94489
0: Batch 49/2106
0: 25.099506
0: Batch 49/2106
0: 24.106321
0: Batch 49/2106
0: 22.870642
0: Batch 49/2106
0: 23.13987
0: Batch 49/2106
0: 20.700888
0: Batch 49/2106
0: 18.007683
0: Batch 50/2106
0: 15.894157
0: Batch 50/2106
0: 25.80911
0: Batch 50/2106
0: 25.238033
0: Batch 50/2106
0: 20.864305
0: Batch 50/2106
0: 22.772774
0: Batch 50/2106
0: 17.260262
0: Batch 50/2106
0: 23.113918
0: Batch 50/2106
0: 23.296867
0: Batch 50/2106
0: 15.823246
0: Batch 50/2106
0: 27.90875
0: Batch 51/2106
0: 23.616398
0: Batch 51/2106
0: 28.448767
0: Batch 51/2106
0: 22.690458
0: Batch 51/2106
0: 22.4201
0: Batch 51/2106
0: 22.93015
0: Batch 51/2106
0: 24.984047
0: Batch 51/2106
0: 26.257917
0: Batch 51/2106
0: 25.09118
0: Batch 51/2106
0: 24.401474
0: Batch 51/2106
0: 18.28323
0: Batch 52/2106
0: 21.793205
0: Batch 52/2106
0: 24.12232
0: Batch 52/2106
0: 27.261852
0: Batch 52/2106
0: 23.48613
0: Batch 52/2106
0: 21.787186
0: Batch 52/2106
0: 24.49609
0: Batch 52/2106
0: 23.657988
0: Batch 52/2106
0: 20.72431
0: Batch 52/2106
0: 25.152664
0: Batch 52/2106
0: 24.663366
0: Batch 53/2106
0: 29.12495
0: Batch 53/2106
0: 16.953644
0: Batch 53/2106
0: 25.503029
0: Batch 53/2106
0: 30.313
0: Batch 53/2106
0: 29.55005
0: Batch 53/2106
0: 17.24037
0: Batch 53/2106
0: 24.454536
0: Batch 53/2106
0: 24.209913
0: Batch 53/2106
0: 22.276924
0: Batch 53/2106
0: 24.553362
0: Batch 54/2106
0: 20.606077
0: Batch 54/2106
0: 28.425556
0: Batch 54/2106
0: 16.637522
0: Batch 54/2106
0: 26.712732
0: Batch 54/2106
0: 30.480305
0: Batch 54/2106
0: 23.211542
0: Batch 54/2106
0: 28.879913
0: Batch 54/2106
0: 18.846544
0: Batch 54/2106
0: 29.023153
0: Batch 54/2106
0: 18.901072
0: Batch 55/2106
0: 19.302914
0: Batch 55/2106
0: 20.37233
0: Batch 55/2106
0: 24.116516
0: Batch 55/2106
0: 25.50554
0: Batch 55/2106
0: 29.417467
0: Batch 55/2106
0: 24.630404
0: Batch 55/2106
0: 21.942423
0: Batch 55/2106
0: 23.300201
0: Batch 55/2106
0: 26.314165
0: Batch 55/2106
0: 26.619226
0: Batch 56/2106
0: 25.893948
0: Batch 56/2106
0: 24.324919
0: Batch 56/2106
0: 25.090815
0: Batch 56/2106
0: 23.828325
0: Batch 56/2106
0: 20.538397
0: Batch 56/2106
0: 20.937815
0: Batch 56/2106
0: 19.122198
0: Batch 56/2106
0: 24.5012
0: Batch 56/2106
0: 25.09113
0: Batch 56/2106
0: 24.827179
0: Batch 57/2106
0: 28.747467
0: Batch 57/2106
0: 20.819542
0: Batch 57/2106
0: 22.414131
0: Batch 57/2106
0: 25.03653
0: Batch 57/2106
0: 27.446539
0: Batch 57/2106
0: 21.786602
0: Batch 57/2106
0: 19.433092
0: Batch 57/2106
0: 23.554161
0: Batch 57/2106
0: 21.463665
0: Batch 57/2106
0: 26.390186
0: Batch 58/2106
0: 24.710884
0: Batch 58/2106
0: 19.33391
0: Batch 58/2106
0: 25.606785
0: Batch 58/2106
0: 26.062893
0: Batch 58/2106
0: 19.741867
0: Batch 58/2106
0: 32.155106
0: Batch 58/2106
0: 24.463413
0: Batch 58/2106
0: 17.457865
0: Batch 58/2106
0: 23.37163
0: Batch 58/2106
0: 27.944937
0: Batch 59/2106
0: 30.155966
0: Batch 59/2106
0: 22.618286
0: Batch 59/2106
0: 27.161983
0: Batch 59/2106
0: 25.884699
0: Batch 59/2106
0: 19.92863
0: Batch 59/2106
0: 23.527395
0: Batch 59/2106
0: 24.471615
0: Batch 59/2106
0: 23.969086
0: Batch 59/2106
0: 26.354649
0: Batch 59/2106
0: 28.330349
0: Batch 60/2106
0: 21.045162
0: Batch 60/2106
0: 22.02452
0: Batch 60/2106
0: 23.388964
0: Batch 60/2106
0: 25.681988
0: Batch 60/2106
0: 18.105364
0: Batch 60/2106
0: 20.874409
0: Batch 60/2106
0: 26.921963
0: Batch 60/2106
0: 20.298021
0: Batch 60/2106
0: 34.719063
0: Batch 60/2106
0: 22.342386
0: Batch 61/2106
0: 27.384245
0: Batch 61/2106
0: 24.48572
0: Batch 61/2106
0: 35.163612
0: Batch 61/2106
0: 21.391613
0: Batch 61/2106
0: 21.650784
0: Batch 61/2106
0: 25.166723
0: Batch 61/2106
0: 27.11273
0: Batch 61/2106
0: 28.462017
0: Batch 61/2106
0: 22.848984
0: Batch 61/2106
0: 23.742998
0: Batch 62/2106
0: 24.351255
0: Batch 62/2106
0: 26.582598
0: Batch 62/2106
0: 24.922482
0: Batch 62/2106
0: 20.764936
0: Batch 62/2106
0: 21.475311
0: Batch 62/2106
0: 26.083527
0: Batch 62/2106
0: 24.435926
0: Batch 62/2106
0: 21.30539
0: Batch 62/2106
0: 20.651035
0: Batch 62/2106
0: 22.55354
0: Batch 63/2106
0: 22.828993
0: Batch 63/2106
0: 22.029959
0: Batch 63/2106
0: 23.965418
0: Batch 63/2106
0: 26.728865
0: Batch 63/2106
0: 23.899893
0: Batch 63/2106
0: 24.24194
0: Batch 63/2106
0: 26.631939
0: Batch 63/2106
0: 23.487656
0: Batch 63/2106
0: 26.502111
0: Batch 63/2106
0: 26.73566
0: Batch 64/2106
0: 22.217794
0: Batch 64/2106
0: 29.670385
0: Batch 64/2106
0: 28.940628
0: Batch 64/2106
0: 24.21126
0: Batch 64/2106
0: 18.664598
0: Batch 64/2106
0: 21.765877
0: Batch 64/2106
0: 25.881624
0: Batch 64/2106
0: 29.96868
0: Batch 64/2106
0: 27.740988
0: Batch 64/2106
0: 22.794218
0: Batch 65/2106
0: 21.60879
0: Batch 65/2106
0: 23.782356
0: Batch 65/2106
0: 26.783684
0: Batch 65/2106
0: 25.86166
0: Batch 65/2106
0: 25.903883
0: Batch 65/2106
0: 20.05142
0: Batch 65/2106
0: 23.74975
0: Batch 65/2106
0: 13.957176
0: Batch 65/2106
0: 17.536648
0: Batch 65/2106
0: 22.453362
0: Batch 66/2106
0: 24.863813
0: Batch 66/2106
0: 23.303759
0: Batch 66/2106
0: 25.739754
0: Batch 66/2106
0: 20.379725
0: Batch 66/2106
0: 26.8083
0: Batch 66/2106
0: 21.42882
0: Batch 66/2106
0: 18.60658
0: Batch 66/2106
0: 25.758038
0: Batch 66/2106
0: 24.146143
0: Batch 66/2106
0: 18.70738
0: Batch 67/2106
0: 24.56871
0: Batch 67/2106
0: 31.441732
0: Batch 67/2106
0: 19.842346
0: Batch 67/2106
0: 18.558182
0: Batch 67/2106
0: 22.507524
0: Batch 67/2106
0: 31.466002
0: Batch 67/2106
0: 21.199781
0: Batch 67/2106
0: 17.970325
0: Batch 67/2106
0: 24.284504
0: Batch 67/2106
0: 20.041636
0: Batch 68/2106
0: 23.399523
0: Batch 68/2106
0: 28.133926
0: Batch 68/2106
0: 24.221066
0: Batch 68/2106
0: 29.383677
0: Batch 68/2106
0: 22.130695
0: Batch 68/2106
0: 23.454187
0: Batch 68/2106
0: 21.213028
0: Batch 68/2106
0: 25.729853
0: Batch 68/2106
0: 29.542355
0: Batch 68/2106
0: 21.893835
0: Batch 69/2106
0: 29.091265
0: Batch 69/2106
0: 30.103266
0: Batch 69/2106
0: 23.811464
0: Batch 69/2106
0: 28.184898
0: Batch 69/2106
0: 22.121897
0: Batch 69/2106
0: 21.393251
0: Batch 69/2106
0: 24.513962
0: Batch 69/2106
0: 26.049309
0: Batch 69/2106
0: 29.921461
0: Batch 69/2106
0: 20.306591
0: Batch 70/2106
0: 29.18328
0: Batch 70/2106
0: 27.728842
0: Batch 70/2106
0: 22.991547
0: Batch 70/2106
0: 20.540426
0: Batch 70/2106
0: 25.901411
0: Batch 70/2106
0: 23.122086
0: Batch 70/2106
0: 16.699375
0: Batch 70/2106
0: 24.771807
0: Batch 70/2106
0: 24.572168
0: Batch 70/2106
0: 28.081827
0: Batch 71/2106
0: 26.090235
0: Batch 71/2106
0: 27.343662
0: Batch 71/2106
0: 24.45455
0: Batch 71/2106
0: 25.67018
0: Batch 71/2106
0: 20.975262
0: Batch 71/2106
0: 21.101273
0: Batch 71/2106
0: 17.548777
0: Batch 71/2106
0: 17.9478
0: Batch 71/2106
0: 18.154726
0: Batch 71/2106
0: 23.01128
0: Batch 72/2106
0: 25.90371
0: Batch 72/2106
0: 20.819946
0: Batch 72/2106
0: 21.06628
0: Batch 72/2106
0: 23.60082
0: Batch 72/2106
0: 21.820127
0: Batch 72/2106
0: 23.438116
0: Batch 72/2106
0: 20.520048
0: Batch 72/2106
0: 29.92115
0: Batch 72/2106
0: 24.94623
0: Batch 72/2106
0: 21.797264
0: Batch 73/2106
0: 25.405224
0: Batch 73/2106
0: 19.546652
0: Batch 73/2106
0: 23.373781
0: Batch 73/2106
0: 25.859156
0: Batch 73/2106
0: 26.538948
0: Batch 73/2106
0: 24.681406
0: Batch 73/2106
0: 27.316746
0: Batch 73/2106
0: 30.04307
0: Batch 73/2106
0: 24.99005
0: Batch 73/2106
0: 30.482958
0: Batch 74/2106
0: 25.300909
0: Batch 74/2106
0: 25.153587
0: Batch 74/2106
0: 20.388927
0: Batch 74/2106
0: 27.17228
0: Batch 74/2106
0: 24.598791
0: Batch 74/2106
0: 25.556961
0: Batch 74/2106
0: 23.299782
0: Batch 74/2106
0: 27.372864
0: Batch 74/2106
0: 27.711864
0: Batch 74/2106
0: 24.668837
0: Batch 75/2106
0: 29.687828
0: Batch 75/2106
0: 21.492981
0: Batch 75/2106
0: 24.659594
0: Batch 75/2106
0: 17.29511
0: Batch 75/2106
0: 23.86939
0: Batch 75/2106
0: 26.85856
0: Batch 75/2106
0: 28.887302
0: Batch 75/2106
0: 26.908802
0: Batch 75/2106
0: 27.159063
0: Batch 75/2106
0: 25.536963
0: Batch 76/2106
0: 18.636475
0: Batch 76/2106
0: 22.512451
0: Batch 76/2106
0: 33.289978
0: Batch 76/2106
0: 26.258978
0: Batch 76/2106
0: 22.979666
0: Batch 76/2106
0: 22.755817
0: Batch 76/2106
0: 27.53595
0: Batch 76/2106
0: 24.002052
0: Batch 76/2106
0: 25.314363
0: Batch 76/2106
0: 27.317825
0: Batch 77/2106
0: 22.94861
0: Batch 77/2106
0: 20.274807
0: Batch 77/2106
0: 23.90164
0: Batch 77/2106
0: 24.129908
0: Batch 77/2106
0: 26.49331
0: Batch 77/2106
0: 28.23604
0: Batch 77/2106
0: 25.365316
0: Batch 77/2106
0: 21.999208
0: Batch 77/2106
0: 28.145672
0: Batch 77/2106
0: 21.339272
0: Batch 78/2106
0: 25.677868
0: Batch 78/2106
0: 26.708868
0: Batch 78/2106
0: 23.58447
0: Batch 78/2106
0: 25.411236
0: Batch 78/2106
0: 23.40863
0: Batch 78/2106
0: 22.665113
0: Batch 78/2106
0: 23.188087
0: Batch 78/2106
0: 30.587261
0: Batch 78/2106
0: 28.506561
0: Batch 78/2106
0: 16.240295
0: Batch 79/2106
0: 29.264805
0: Batch 79/2106
0: 24.555527
0: Batch 79/2106
0: 16.949425
0: Batch 79/2106
0: 24.940353
0: Batch 79/2106
0: 21.112091
0: Batch 79/2106
0: 15.912296
0: Batch 79/2106
0: 21.471783
0: Batch 79/2106
0: 28.471087
0: Batch 79/2106
0: 22.938549
0: Batch 79/2106
0: 26.011848
0: Batch 80/2106
0: 25.92053
0: Batch 80/2106
0: 23.12929
0: Batch 80/2106
0: 23.26753
0: Batch 80/2106
0: 24.572947
0: Batch 80/2106
0: 24.20681
0: Batch 80/2106
0: 27.520185
0: Batch 80/2106
0: 24.351963
0: Batch 80/2106
0: 22.328754
0: Batch 80/2106
0: 28.943436
0: Batch 80/2106
0: 21.998447
0: Batch 81/2106
0: 22.753273
0: Batch 81/2106
0: 24.596796
0: Batch 81/2106
0: 20.312586
0: Batch 81/2106
0: 20.67827
0: Batch 81/2106
0: 22.214022
0: Batch 81/2106
0: 26.590706
0: Batch 81/2106
0: 12.8190155
0: Batch 81/2106
0: 29.425568
0: Batch 81/2106
0: 25.13251
0: Batch 81/2106
0: 24.05966
0: Batch 82/2106
0: 22.832817
0: Batch 82/2106
0: 27.990124
0: Batch 82/2106
0: 26.812769
0: Batch 82/2106
0: 25.918243
0: Batch 82/2106
0: 16.271032
0: Batch 82/2106
0: 25.175497
0: Batch 82/2106
0: 26.521044
0: Batch 82/2106
0: 15.2515335
0: Batch 82/2106
0: 24.551386
0: Batch 82/2106
0: 23.601892
0: Batch 83/2106
0: 29.317307
0: Batch 83/2106
0: 31.498781
0: Batch 83/2106
0: 24.341486
0: Batch 83/2106
0: 31.34776
0: Batch 83/2106
0: 25.995651
0: Batch 83/2106
0: 19.65733
0: Batch 83/2106
0: 24.932756
0: Batch 83/2106
0: 25.141096
0: Batch 83/2106
0: 23.846664
0: Batch 83/2106
0: 20.509941
0: Batch 84/2106
0: 25.295452
0: Batch 84/2106
0: 22.8712
0: Batch 84/2106
0: 24.381424
0: Batch 84/2106
0: 22.823923
0: Batch 84/2106
0: 24.305351
0: Batch 84/2106
0: 18.913198
0: Batch 84/2106
0: 22.933426
0: Batch 84/2106
0: 17.442198
0: Batch 84/2106
0: 24.699085
0: Batch 84/2106
0: 25.34104
0: Batch 85/2106
0: 32.224854
0: Batch 85/2106
0: 27.17522
0: Batch 85/2106
0: 20.850449
0: Batch 85/2106
0: 21.615114
0: Batch 85/2106
0: 12.534424
0: Batch 85/2106
0: 19.397669
0: Batch 85/2106
0: 25.355103
0: Batch 85/2106
0: 25.821762
0: Batch 85/2106
0: 19.708254
0: Batch 85/2106
0: 21.255611
0: Batch 86/2106
0: 21.401794
0: Batch 86/2106
0: 26.74338
0: Batch 86/2106
0: 22.592976
0: Batch 86/2106
0: 23.578653
0: Batch 86/2106
0: 19.627737
0: Batch 86/2106
0: 25.902325
0: Batch 86/2106
0: 21.976631
0: Batch 86/2106
0: 23.19149
0: Batch 86/2106
0: 18.324003
0: Batch 86/2106
0: 23.866186
0: Batch 87/2106
0: 26.441439
0: Batch 87/2106
0: 22.103867
0: Batch 87/2106
0: 23.167505
0: Batch 87/2106
0: 26.581173
0: Batch 87/2106
0: 24.765749
0: Batch 87/2106
0: 21.25743
0: Batch 87/2106
0: 23.645216
0: Batch 87/2106
0: 25.126682
0: Batch 87/2106
0: 14.587536
0: Batch 87/2106
0: 19.483496
0: Batch 88/2106
0: 25.909271
0: Batch 88/2106
0: 15.62252
0: Batch 88/2106
0: 24.936775
0: Batch 88/2106
0: 22.249643
0: Batch 88/2106
0: 17.6769
0: Batch 88/2106
0: 23.921976
0: Batch 88/2106
0: 22.934967
0: Batch 88/2106
0: 23.393808
0: Batch 88/2106
0: 27.319477
0: Batch 88/2106
0: 20.85624
0: Batch 89/2106
0: 17.20465
0: Batch 89/2106
0: 30.227673
0: Batch 89/2106
0: 21.513077
0: Batch 89/2106
0: 23.209846
0: Batch 89/2106
0: 27.154879
0: Batch 89/2106
0: 22.327679
0: Batch 89/2106
0: 16.599482
0: Batch 89/2106
0: 21.490446
0: Batch 89/2106
0: 25.326576
0: Batch 89/2106
0: 24.021854
0: Batch 90/2106
0: 28.67168
0: Batch 90/2106
0: 23.846193
0: Batch 90/2106
0: 29.635216
0: Batch 90/2106
0: 20.972466
0: Batch 90/2106
0: 20.142467
0: Batch 90/2106
0: 27.71953
0: Batch 90/2106
0: 29.40383
0: Batch 90/2106
0: 21.961134
0: Batch 90/2106
0: 19.994555
0: Batch 90/2106
0: 31.744034
0: Batch 91/2106
0: 23.17401
0: Batch 91/2106
0: 20.898718
0: Batch 91/2106
0: 21.714819
0: Batch 91/2106
0: 21.862597
0: Batch 91/2106
0: 24.627388
0: Batch 91/2106
0: 23.43551
0: Batch 91/2106
0: 23.56763
0: Batch 91/2106
0: 20.027233
0: Batch 91/2106
0: 23.737974
0: Batch 91/2106
0: 24.86674
0: Batch 92/2106
0: 18.101824
0: Batch 92/2106
0: 27.924139
0: Batch 92/2106
0: 26.56434
0: Batch 92/2106
0: 22.581388
0: Batch 92/2106
0: 26.728558
0: Batch 92/2106
0: 23.602554
0: Batch 92/2106
0: 26.492105
0: Batch 92/2106
0: 21.362148
0: Batch 92/2106
0: 19.742771
0: Batch 92/2106
0: 23.454731
0: Batch 93/2106
0: 21.16451
0: Batch 93/2106
0: 18.343748
0: Batch 93/2106
0: 22.629198
0: Batch 93/2106
0: 26.949385
0: Batch 93/2106
0: 19.147213
0: Batch 93/2106
0: 21.972708
0: Batch 93/2106
0: 26.223772
0: Batch 93/2106
0: 23.865099
0: Batch 93/2106
0: 27.735788
0: Batch 93/2106
0: 22.165768
0: Batch 94/2106
0: 30.087984
0: Batch 94/2106
0: 24.392324
0: Batch 94/2106
0: 25.072378
0: Batch 94/2106
0: 25.042736
0: Batch 94/2106
0: 16.84003
0: Batch 94/2106
0: 25.032318
0: Batch 94/2106
0: 31.12242
0: Batch 94/2106
0: 27.491446
0: Batch 94/2106
0: 18.879541
0: Batch 94/2106
0: 24.011345
0: Batch 95/2106
0: 24.72149
0: Batch 95/2106
0: 26.084442
0: Batch 95/2106
0: 25.869604
0: Batch 95/2106
0: 21.85912
0: Batch 95/2106
0: 22.871738
0: Batch 95/2106
0: 24.237427
0: Batch 95/2106
0: 23.866186
0: Batch 95/2106
0: 22.156672
0: Batch 95/2106
0: 29.954592
0: Batch 95/2106
0: 27.185673
0: Batch 96/2106
0: 18.029907
0: Batch 96/2106
0: 24.623655
0: Batch 96/2106
0: 23.468609
0: Batch 96/2106
0: 23.2995
0: Batch 96/2106
0: 23.554953
0: Batch 96/2106
0: 29.513388
0: Batch 96/2106
0: 22.796707
0: Batch 96/2106
0: 20.818296
0: Batch 96/2106
0: 21.697493
0: Batch 96/2106
0: 23.071884
0: Batch 97/2106
0: 26.076897
0: Batch 97/2106
0: 22.74785
0: Batch 97/2106
0: 25.115103
0: Batch 97/2106
0: 29.645298
0: Batch 97/2106
0: 15.81189
0: Batch 97/2106
0: 27.790808
0: Batch 97/2106
0: 29.130692
0: Batch 97/2106
0: 24.730501
0: Batch 97/2106
0: 27.124662
0: Batch 97/2106
0: 30.909143
0: Batch 98/2106
0: 27.020689
0: Batch 98/2106
0: 21.836706
0: Batch 98/2106
0: 22.698334
0: Batch 98/2106
0: 31.661568
0: Batch 98/2106
0: 19.015823
0: Batch 98/2106
0: 21.071737
0: Batch 98/2106
0: 27.288317
0: Batch 98/2106
0: 24.338408
0: Batch 98/2106
0: 23.842283
0: Batch 98/2106
0: 26.100357
0: Batch 99/2106
0: 19.59842
0: Batch 99/2106
0: 27.75768
0: Batch 99/2106
0: 20.027145
0: Batch 99/2106
0: 27.819487
0: Batch 99/2106
0: 31.068266
0: Batch 99/2106
0: 30.352623
0: Batch 99/2106
0: 25.30863
0: Batch 99/2106
0: 22.684217
0: Batch 99/2106
0: 24.08747
0: Batch 99/2106
0: 23.34274
0: Batch 100/2106
0: 18.044487
0: Batch 100/2106
0: 25.319891
0: Batch 100/2106
0: 21.180336
0: Batch 100/2106
0: 21.787292
0: Batch 100/2106
0: 21.4819
0: Batch 100/2106
0: 26.9918
0: Batch 100/2106
0: 26.930992
0: Batch 100/2106
0: 23.627659
0: Batch 100/2106
0: 23.431755
0: Batch 100/2106
0: 24.851248
0: Batch 101/2106
0: 25.053783
0: Batch 101/2106
0: 19.031776
0: Batch 101/2106
0: 22.129086
0: Batch 101/2106
0: 23.08581
0: Batch 101/2106
0: 22.342329
0: Batch 101/2106
0: 22.807972
0: Batch 101/2106
0: 30.399641
0: Batch 101/2106
0: 23.77476
0: Batch 101/2106
0: 22.230375
0: Batch 101/2106
0: 23.31704
0: Batch 102/2106
0: 22.466648
0: Batch 102/2106
0: 26.700472
0: Batch 102/2106
0: 22.679356
0: Batch 102/2106
0: 22.972214
0: Batch 102/2106
0: 26.308643
0: Batch 102/2106
0: 26.03683
0: Batch 102/2106
0: 28.445307
0: Batch 102/2106
0: 25.885408
0: Batch 102/2106
0: 19.669952
0: Batch 102/2106
0: 23.901134
0: Batch 103/2106
0: 22.793905
0: Batch 103/2106
0: 24.837643
0: Batch 103/2106
0: 18.027493
0: Batch 103/2106
0: 23.037174
0: Batch 103/2106
0: 27.161268
0: Batch 103/2106
0: 22.897188
0: Batch 103/2106
0: 23.005829
0: Batch 103/2106
0: 29.143389
0: Batch 103/2106
0: 21.280178
0: Batch 103/2106
0: 25.504658
0: Batch 104/2106
0: 27.312996
0: Batch 104/2106
0: 31.18594
0: Batch 104/2106
0: 22.319138
0: Batch 104/2106
0: 23.228924
0: Batch 104/2106
0: 26.081726
0: Batch 104/2106
0: 26.280947
0: Batch 104/2106
0: 23.354864
0: Batch 104/2106
0: 19.479427
0: Batch 104/2106
0: 16.852406
0: Batch 104/2106
0: 17.576006
0: Batch 105/2106
0: 27.693838
0: Batch 105/2106
0: 24.50581
0: Batch 105/2106
0: 24.632702
0: Batch 105/2106
0: 19.458782
0: Batch 105/2106
0: 28.169153
0: Batch 105/2106
0: 22.857283
0: Batch 105/2106
0: 22.849659
0: Batch 105/2106
0: 19.799526
0: Batch 105/2106
0: 22.563835
0: Batch 105/2106
0: 27.666893
0: Batch 106/2106
0: 20.93325
0: Batch 106/2106
0: 25.172092
0: Batch 106/2106
0: 26.043545
0: Batch 106/2106
0: 20.863985
0: Batch 106/2106
0: 15.069969
0: Batch 106/2106
0: 13.092846
0: Batch 106/2106
0: 26.204151
0: Batch 106/2106
0: 18.00134
0: Batch 106/2106
0: 23.20612
0: Batch 106/2106
0: 27.792425
0: Batch 107/2106
0: 21.50489
0: Batch 107/2106
0: 25.317564
0: Batch 107/2106
0: 22.09472
0: Batch 107/2106
0: 26.48866
0: Batch 107/2106
0: 25.570868
0: Batch 107/2106
0: 24.721054
0: Batch 107/2106
0: 24.542137
0: Batch 107/2106
0: 27.389456
0: Batch 107/2106
0: 15.239014
0: Batch 107/2106
0: 19.333488
0: Batch 108/2106
0: 28.378925
0: Batch 108/2106
0: 21.304386
0: Batch 108/2106
0: 13.943588
0: Batch 108/2106
0: 20.049246
0: Batch 108/2106
0: 30.70969
0: Batch 108/2106
0: 22.918753
0: Batch 108/2106
0: 23.928608
0: Batch 108/2106
0: 23.795036
0: Batch 108/2106
0: 28.093073
0: Batch 108/2106
0: 24.664932
0: Batch 109/2106
0: 31.663307
0: Batch 109/2106
0: 23.957026
0: Batch 109/2106
0: 25.44694
0: Batch 109/2106
0: 19.374094
0: Batch 109/2106
0: 26.306606
0: Batch 109/2106
0: 21.302187
0: Batch 109/2106
0: 18.860043
0: Batch 109/2106
0: 24.56194
0: Batch 109/2106
0: 26.574865
0: Batch 109/2106
0: 30.212175
0: Batch 110/2106
0: 20.256376
0: Batch 110/2106
0: 20.834986
0: Batch 110/2106
0: 23.942867
0: Batch 110/2106
0: 23.929476
0: Batch 110/2106
0: 21.598478
0: Batch 110/2106
0: 21.475552
0: Batch 110/2106
0: 23.72038
0: Batch 110/2106
0: 22.073769
0: Batch 110/2106
0: 24.038088
0: Batch 110/2106
0: 31.225737
0: Batch 111/2106
0: 20.77563
0: Batch 111/2106
0: 23.702917
0: Batch 111/2106
0: 17.108717
0: Batch 111/2106
0: 28.996002
0: Batch 111/2106
0: 21.934074
0: Batch 111/2106
0: 26.872097
0: Batch 111/2106
0: 29.70131
0: Batch 111/2106
0: 27.989773
0: Batch 111/2106
0: 21.457024
0: Batch 111/2106
0: 28.323874
0: Batch 112/2106
0: 29.055414
0: Batch 112/2106
0: 26.22399
0: Batch 112/2106
0: 22.529871
0: Batch 112/2106
0: 24.736588
0: Batch 112/2106
0: 18.617296
0: Batch 112/2106
0: 23.260134
0: Batch 112/2106
0: 26.309631
0: Batch 112/2106
0: 21.045937
0: Batch 112/2106
0: 25.677563
0: Batch 112/2106
0: 27.858526
0: Batch 113/2106
0: 27.828163
0: Batch 113/2106
0: 23.65005
0: Batch 113/2106
0: 30.183096
0: Batch 113/2106
0: 21.558674
0: Batch 113/2106
0: 24.432802
0: Batch 113/2106
0: 17.533976
0: Batch 113/2106
0: 22.724934
0: Batch 113/2106
0: 30.569775
0: Batch 113/2106
0: 30.424204
0: Batch 113/2106
0: 26.9626
0: Batch 114/2106
0: 25.001637
0: Batch 114/2106
0: 25.653196
0: Batch 114/2106
0: 25.779177
0: Batch 114/2106
0: 24.874424
0: Batch 114/2106
0: 23.473625
0: Batch 114/2106
0: 28.57711
0: Batch 114/2106
0: 24.130032
0: Batch 114/2106
0: 24.633656
0: Batch 114/2106
0: 24.349613
0: Batch 114/2106
0: 26.101788
0: Batch 115/2106
0: 25.621922
0: Batch 115/2106
0: 14.30682
0: Batch 115/2106
0: 23.906982
0: Batch 115/2106
0: 23.247158
0: Batch 115/2106
0: 26.216797
0: Batch 115/2106
0: 24.746017
0: Batch 115/2106
0: 25.172022
0: Batch 115/2106
0: 25.411755
0: Batch 115/2106
0: 27.082438
0: Batch 115/2106
0: 25.892511
0: Batch 116/2106
0: 25.838934
0: Batch 116/2106
0: 27.14077
0: Batch 116/2106
0: 18.862955
0: Batch 116/2106
0: 15.721489
0: Batch 116/2106
0: 22.489202
0: Batch 116/2106
0: 24.745008
0: Batch 116/2106
0: 23.273947
0: Batch 116/2106
0: 29.796335
0: Batch 116/2106
0: 27.421099
0: Batch 116/2106
0: 26.876629
0: Batch 117/2106
0: 24.53965
0: Batch 117/2106
0: 20.410166
0: Batch 117/2106
0: 19.32255
0: Batch 117/2106
0: 22.414991
0: Batch 117/2106
0: 24.95512
0: Batch 117/2106
0: 24.611284
0: Batch 117/2106
0: 27.653118
0: Batch 117/2106
0: 28.683031
0: Batch 117/2106
0: 23.3322
0: Batch 117/2106
0: 21.352364
0: Batch 118/2106
0: 20.03081
0: Batch 118/2106
0: 26.96991
0: Batch 118/2106
0: 28.425129
0: Batch 118/2106
0: 23.4437
0: Batch 118/2106
0: 27.738535
0: Batch 118/2106
0: 22.468178
0: Batch 118/2106
0: 27.163403
0: Batch 118/2106
0: 21.652508
0: Batch 118/2106
0: 23.284046
0: Batch 118/2106
0: 19.78696
0: Batch 119/2106
0: 23.805084
0: Batch 119/2106
0: 21.860315
0: Batch 119/2106
0: 20.472977
0: Batch 119/2106
0: 26.054247
0: Batch 119/2106
0: 23.701393
0: Batch 119/2106
0: 23.87617
0: Batch 119/2106
0: 22.377266
0: Batch 119/2106
0: 20.471537
0: Batch 119/2106
0: 25.778759
0: Batch 119/2106
0: 22.376757
0: Batch 120/2106
0: 27.736746
0: Batch 120/2106
0: 21.056194
0: Batch 120/2106
0: 29.3731
0: Batch 120/2106
0: 23.376913
0: Batch 120/2106
0: 23.365627
0: Batch 120/2106
0: 23.49704
0: Batch 120/2106
0: 23.176086
0: Batch 120/2106
0: 26.217188
0: Batch 120/2106
0: 13.54388
0: Batch 120/2106
0: 20.142952
0: Batch 121/2106
0: 26.224312
0: Batch 121/2106
0: 22.2565
0: Batch 121/2106
0: 22.765333
0: Batch 121/2106
0: 26.069733
0: Batch 121/2106
0: 23.441172
0: Batch 121/2106
0: 27.762823
0: Batch 121/2106
0: 24.056822
0: Batch 121/2106
0: 24.870169
0: Batch 121/2106
0: 18.438541
0: Batch 121/2106
0: 25.397844
0: Batch 122/2106
0: 18.144785
0: Batch 122/2106
0: 25.15867
0: Batch 122/2106
0: 30.070446
0: Batch 122/2106
0: 22.855875
0: Batch 122/2106
0: 23.49618
0: Batch 122/2106
0: 26.115545
0: Batch 122/2106
0: 18.28633
0: Batch 122/2106
0: 28.317007
0: Batch 122/2106
0: 22.21336
0: Batch 122/2106
0: 22.206913
0: Batch 123/2106
0: 22.41138
0: Batch 123/2106
0: 21.920557
0: Batch 123/2106
0: 25.338932
0: Batch 123/2106
0: 27.056036
0: Batch 123/2106
0: 23.74624
0: Batch 123/2106
0: 28.586737
0: Batch 123/2106
0: 20.88285
0: Batch 123/2106
0: 27.246338
0: Batch 123/2106
0: 28.554321
0: Batch 123/2106
0: 22.425564
0: Batch 124/2106
0: 23.21467
0: Batch 124/2106
0: 23.678047
0: Batch 124/2106
0: 33.329567
0: Batch 124/2106
0: 21.882908
0: Batch 124/2106
0: 20.550276
0: Batch 124/2106
0: 22.33116
0: Batch 124/2106
0: 27.077559
0: Batch 124/2106
0: 26.862495
0: Batch 124/2106
0: 16.318714
0: Batch 124/2106
0: 23.044243
0: Batch 125/2106
0: 25.294239
0: Batch 125/2106
0: 23.976665
0: Batch 125/2106
0: 13.132633
0: Batch 125/2106
0: 26.038338
0: Batch 125/2106
0: 20.08558
0: Batch 125/2106
0: 23.974339
0: Batch 125/2106
0: 24.354696
0: Batch 125/2106
0: 24.846075
0: Batch 125/2106
0: 21.867758
0: Batch 125/2106
0: 26.44341
0: Batch 126/2106
0: 26.1452
0: Batch 126/2106
0: 26.137882
0: Batch 126/2106
0: 25.802021
0: Batch 126/2106
0: 21.709618
0: Batch 126/2106
0: 26.643816
0: Batch 126/2106
0: 30.452663
0: Batch 126/2106
0: 22.884308
0: Batch 126/2106
0: 31.52596
0: Batch 126/2106
0: 26.741459
0: Batch 126/2106
0: 20.05246
0: Batch 127/2106
0: 28.540018
0: Batch 127/2106
0: 23.6039
0: Batch 127/2106
0: 22.97279
0: Batch 127/2106
0: 25.709307
0: Batch 127/2106
0: 21.67093
0: Batch 127/2106
0: 24.275543
0: Batch 127/2106
0: 25.23304
0: Batch 127/2106
0: 23.77778
0: Batch 127/2106
0: 22.91818
0: Batch 127/2106
0: 20.042086
0: Batch 128/2106
0: 29.701153
0: Batch 128/2106
0: 13.626938
0: Batch 128/2106
0: 25.379576
0: Batch 128/2106
0: 27.504448
0: Batch 128/2106
0: 25.810802
0: Batch 128/2106
0: 20.71348
0: Batch 128/2106
0: 23.69229
0: Batch 128/2106
0: 20.273117
0: Batch 128/2106
0: 20.982895
0: Batch 128/2106
0: 24.303751
0: Batch 129/2106
0: 20.16053
0: Batch 129/2106
0: 24.007433
0: Batch 129/2106
0: 25.780563
0: Batch 129/2106
0: 25.197647
0: Batch 129/2106
0: 21.988003
0: Batch 129/2106
0: 26.095644
0: Batch 129/2106
0: 24.561773
0: Batch 129/2106
0: 25.629187
0: Batch 129/2106
0: 30.678246
0: Batch 129/2106
0: 26.583517
0: Batch 130/2106
0: 20.24254
0: Batch 130/2106
0: 25.008438
0: Batch 130/2106
0: 23.43032
0: Batch 130/2106
0: 26.385704
0: Batch 130/2106
0: 19.543774
0: Batch 130/2106
0: 29.297924
0: Batch 130/2106
0: 21.915369
0: Batch 130/2106
0: 22.799547
0: Batch 130/2106
0: 18.836061
0: Batch 130/2106
0: 19.714664
0: Batch 131/2106
0: 18.835457
0: Batch 131/2106
0: 21.923397
0: Batch 131/2106
0: 20.364008
0: Batch 131/2106
0: 25.446537
0: Batch 131/2106
0: 24.27928
0: Batch 131/2106
0: 24.98394
0: Batch 131/2106
0: 22.988165
0: Batch 131/2106
0: 22.52469
0: Batch 131/2106
0: 26.617476
0: Batch 131/2106
0: 19.912947
0: Batch 132/2106
0: 25.679823
0: Batch 132/2106
0: 24.794323
0: Batch 132/2106
0: 23.766005
0: Batch 132/2106
0: 19.74261
0: Batch 132/2106
0: 19.815083
0: Batch 132/2106
0: 22.593899
0: Batch 132/2106
0: 16.612867
0: Batch 132/2106
0: 20.797995
0: Batch 132/2106
0: 25.29305
0: Batch 132/2106
0: 21.330547
0: Batch 133/2106
0: 19.341276
0: Batch 133/2106
0: 21.315584
0: Batch 133/2106
0: 22.171991
0: Batch 133/2106
0: 27.499382
0: Batch 133/2106
0: 26.61637
0: Batch 133/2106
0: 21.900497
0: Batch 133/2106
0: 28.641727
0: Batch 133/2106
0: 21.284698
0: Batch 133/2106
0: 17.285896
0: Batch 133/2106
0: 24.720865
0: Batch 134/2106
0: 22.365267
0: Batch 134/2106
0: 26.959368
0: Batch 134/2106
0: 26.51442
0: Batch 134/2106
0: 22.333157
0: Batch 134/2106
0: 23.923456
0: Batch 134/2106
0: 22.012568
0: Batch 134/2106
0: 21.54401
0: Batch 134/2106
0: 26.4415
0: Batch 134/2106
0: 21.224329
0: Batch 134/2106
0: 25.823812
0: Batch 135/2106
0: 25.721815
0: Batch 135/2106
0: 23.596794
0: Batch 135/2106
0: 22.279049
0: Batch 135/2106
0: 23.605185
0: Batch 135/2106
0: 29.863817
0: Batch 135/2106
0: 22.839611
0: Batch 135/2106
0: 25.03182
0: Batch 135/2106
0: 26.363111
0: Batch 135/2106
0: 27.08354
0: Batch 135/2106
0: 19.437784
0: Batch 136/2106
0: 26.32674
0: Batch 136/2106
0: 18.46938
0: Batch 136/2106
0: 26.101377
0: Batch 136/2106
0: 22.786377
0: Batch 136/2106
0: 19.007364
0: Batch 136/2106
0: 22.225168
0: Batch 136/2106
0: 21.815578
0: Batch 136/2106
0: 20.571209
0: Batch 136/2106
0: 19.160526
0: Batch 136/2106
0: 24.290321
0: Batch 137/2106
0: 15.139408
0: Batch 137/2106
0: 25.881905
0: Batch 137/2106
0: 26.58391
0: Batch 137/2106
0: 17.868822
0: Batch 137/2106
0: 24.111095
0: Batch 137/2106
0: 24.881153
0: Batch 137/2106
0: 21.550062
0: Batch 137/2106
0: 16.675673
0: Batch 137/2106
0: 22.511766
0: Batch 137/2106
0: 21.82502
0: Batch 138/2106
0: 21.46232
0: Batch 138/2106
0: 27.074541
0: Batch 138/2106
0: 31.412361
0: Batch 138/2106
0: 26.12322
0: Batch 138/2106
0: 25.157326
0: Batch 138/2106
0: 22.189163
0: Batch 138/2106
0: 23.506098
0: Batch 138/2106
0: 22.907495
0: Batch 138/2106
0: 19.526794
0: Batch 138/2106
0: 21.927876
0: Batch 139/2106
0: 23.37187
0: Batch 139/2106
0: 28.49582
0: Batch 139/2106
0: 23.299078
0: Batch 139/2106
0: 18.092073
0: Batch 139/2106
0: 22.94554
0: Batch 139/2106
0: 31.384258
0: Batch 139/2106
0: 27.585276
0: Batch 139/2106
0: 22.201138
0: Batch 139/2106
0: 22.560287
0: Batch 139/2106
0: 16.2267
0: Batch 140/2106
0: 22.249987
0: Batch 140/2106
0: 24.45598
0: Batch 140/2106
0: 26.089825
0: Batch 140/2106
0: 28.042528
0: Batch 140/2106
0: 21.918398
0: Batch 140/2106
0: 17.02134
0: Batch 140/2106
0: 20.08056
0: Batch 140/2106
0: 23.975538
0: Batch 140/2106
0: 22.530397
0: Batch 140/2106
0: 26.53878
0: Batch 141/2106
0: 22.823977
0: Batch 141/2106
0: 17.656317
0: Batch 141/2106
0: 25.117117
0: Batch 141/2106
0: 22.733744
0: Batch 141/2106
0: 17.743874
0: Batch 141/2106
0: 22.021841
0: Batch 141/2106
0: 23.563301
0: Batch 141/2106
0: 20.016598
0: Batch 141/2106
0: 21.08516
0: Batch 141/2106
0: 24.788696
0: Batch 142/2106
0: 24.30078
0: Batch 142/2106
0: 21.569479
0: Batch 142/2106
0: 19.221827
0: Batch 142/2106
0: 23.603426
0: Batch 142/2106
0: 28.879347
0: Batch 142/2106
0: 25.718239
0: Batch 142/2106
0: 22.559366
0: Batch 142/2106
0: 19.500338
0: Batch 142/2106
0: 23.479269
0: Batch 142/2106
0: 24.855015
0: Batch 143/2106
0: 21.32279
0: Batch 143/2106
0: 21.626585
0: Batch 143/2106
0: 21.30208
0: Batch 143/2106
0: 22.08339
0: Batch 143/2106
0: 23.382078
0: Batch 143/2106
0: 30.154703
0: Batch 143/2106
0: 24.509127
0: Batch 143/2106
0: 29.349302
0: Batch 143/2106
0: 25.304989
0: Batch 143/2106
0: 22.918694
0: Batch 144/2106
0: 29.354822
0: Batch 144/2106
0: 20.26794
0: Batch 144/2106
0: 28.816402
0: Batch 144/2106
0: 17.861755
0: Batch 144/2106
0: 26.221067
0: Batch 144/2106
0: 17.831339
0: Batch 144/2106
0: 25.460123
0: Batch 144/2106
0: 24.865189
0: Batch 144/2106
0: 22.007475
0: Batch 144/2106
0: 23.537434
0: Batch 145/2106
0: 27.949635
0: Batch 145/2106
0: 26.30429
0: Batch 145/2106
0: 22.111797
0: Batch 145/2106
0: 26.75049
0: Batch 145/2106
0: 28.107927
0: Batch 145/2106
0: 22.164677
0: Batch 145/2106
0: 24.30958
0: Batch 145/2106
0: 25.417858
0: Batch 145/2106
0: 26.66263
0: Batch 145/2106
0: 22.385242
0: Batch 146/2106
0: 26.909157
0: Batch 146/2106
0: 23.35734
0: Batch 146/2106
0: 26.01342
0: Batch 146/2106
0: 30.464008
0: Batch 146/2106
0: 20.800226
0: Batch 146/2106
0: 24.289362
0: Batch 146/2106
0: 23.007053
0: Batch 146/2106
0: 26.179733
0: Batch 146/2106
0: 26.19814
0: Batch 146/2106
0: 26.007154
0: Batch 147/2106
0: 31.536345
0: Batch 147/2106
0: 24.526525
0: Batch 147/2106
0: 18.748198
0: Batch 147/2106
0: 23.731182
0: Batch 147/2106
0: 25.076868
0: Batch 147/2106
0: 22.050394
0: Batch 147/2106
0: 23.701782
0: Batch 147/2106
0: 30.455288
0: Batch 147/2106
0: 25.06302
0: Batch 147/2106
0: 23.349096
0: Batch 148/2106
0: 24.667461
0: Batch 148/2106
0: 25.149076
0: Batch 148/2106
0: 24.395739
0: Batch 148/2106
0: 20.96618
0: Batch 148/2106
0: 25.075224
0: Batch 148/2106
0: 16.427187
0: Batch 148/2106
0: 22.907713
0: Batch 148/2106
0: 24.385965
0: Batch 148/2106
0: 24.825384
0: Batch 148/2106
0: 21.981873
0: Batch 149/2106
0: 25.570755
0: Batch 149/2106
0: 26.732138
0: Batch 149/2106
0: 24.712393
0: Batch 149/2106
0: 24.995531
0: Batch 149/2106
0: 19.891169
0: Batch 149/2106
0: 22.543636
0: Batch 149/2106
0: 25.154062
0: Batch 149/2106
0: 18.527647
0: Batch 149/2106
0: 21.602716
0: Batch 149/2106
0: 23.191097
0: Batch 150/2106
0: 27.771883
0: Batch 150/2106
0: 24.25931
0: Batch 150/2106
0: 23.636679
0: Batch 150/2106
0: 16.658863
0: Batch 150/2106
0: 21.53891
0: Batch 150/2106
0: 17.342972
0: Batch 150/2106
0: 27.644547
0: Batch 150/2106
0: 28.37462
0: Batch 150/2106
0: 27.16569
0: Batch 150/2106
0: 26.81207
0: Batch 151/2106
0: 25.81142
0: Batch 151/2106
0: 23.118053
0: Batch 151/2106
0: 30.594204
0: Batch 151/2106
0: 20.9564
0: Batch 151/2106
0: 30.97939
0: Batch 151/2106
0: 24.206028
0: Batch 151/2106
0: 25.355398
0: Batch 151/2106
0: 23.280546
0: Batch 151/2106
0: 26.973366
0: Batch 151/2106
0: 22.087788
0: Batch 152/2106
0: 29.4891
0: Batch 152/2106
0: 26.48602
0: Batch 152/2106
0: 18.178213
0: Batch 152/2106
0: 26.559855
0: Batch 152/2106
0: 18.84083
0: Batch 152/2106
0: 26.903261
0: Batch 152/2106
0: 29.182446
0: Batch 152/2106
0: 28.651295
0: Batch 152/2106
0: 24.325983
0: Batch 152/2106
0: 35.13013
0: Batch 153/2106
0: 24.7037
0: Batch 153/2106
0: 21.025368
0: Batch 153/2106
0: 17.064615
0: Batch 153/2106
0: 18.802341
0: Batch 153/2106
0: 23.854975
0: Batch 153/2106
0: 23.31082
0: Batch 153/2106
0: 19.926085
0: Batch 153/2106
0: 20.83401
0: Batch 153/2106
0: 22.06499
0: Batch 153/2106
0: 19.469965
0: Batch 154/2106
0: 24.949486
0: Batch 154/2106
0: 21.018501
0: Batch 154/2106
0: 25.772049
0: Batch 154/2106
0: 19.803595
0: Batch 154/2106
0: 22.774258
0: Batch 154/2106
0: 27.109758
0: Batch 154/2106
0: 20.626614
0: Batch 154/2106
0: 25.390926
0: Batch 154/2106
0: 17.476082
0: Batch 154/2106
0: 18.302404
0: Batch 155/2106
0: 23.021873
0: Batch 155/2106
0: 31.607302
0: Batch 155/2106
0: 23.524822
0: Batch 155/2106
0: 24.91809
0: Batch 155/2106
0: 24.275745
0: Batch 155/2106
0: 29.389719
0: Batch 155/2106
0: 26.099169
0: Batch 155/2106
0: 26.14217
0: Batch 155/2106
0: 27.029522
0: Batch 155/2106
0: 25.287605
0: Batch 156/2106
0: 23.00004
0: Batch 156/2106
0: 25.610022
0: Batch 156/2106
0: 31.315304
0: Batch 156/2106
0: 21.157871
0: Batch 156/2106
0: 26.628922
0: Batch 156/2106
0: 23.123035
0: Batch 156/2106
0: 16.288855
0: Batch 156/2106
0: 30.276443
0: Batch 156/2106
0: 18.093092
0: Batch 156/2106
0: 23.26504
0: Batch 157/2106
0: 25.535208
0: Batch 157/2106
0: 26.376095
0: Batch 157/2106
0: 23.691877
0: Batch 157/2106
0: 21.131168
0: Batch 157/2106
0: 20.735268
0: Batch 157/2106
0: 27.126366
0: Batch 157/2106
0: 20.843699
0: Batch 157/2106
0: 27.327524
0: Batch 157/2106
0: 27.453112
0: Batch 157/2106
0: 24.346203
0: Batch 158/2106
0: 30.975716
0: Batch 158/2106
0: 22.271378
0: Batch 158/2106
0: 26.59111
0: Batch 158/2106
0: 21.680017
0: Batch 158/2106
0: 24.709791
0: Batch 158/2106
0: 21.406204
0: Batch 158/2106
0: 24.70838
0: Batch 158/2106
0: 26.24566
0: Batch 158/2106
0: 27.354172
0: Batch 158/2106
0: 28.868526
0: Batch 159/2106
0: 27.522554
0: Batch 159/2106
0: 22.207108
0: Batch 159/2106
0: 20.935966
0: Batch 159/2106
0: 25.075193
0: Batch 159/2106
0: 23.645115
0: Batch 159/2106
0: 21.474815
0: Batch 159/2106
0: 27.636177
0: Batch 159/2106
0: 27.139011
0: Batch 159/2106
0: 21.123623
0: Batch 159/2106
0: 25.448622
0: Batch 160/2106
0: 25.395971
0: Batch 160/2106
0: 21.98744
0: Batch 160/2106
0: 24.436642
0: Batch 160/2106
0: 19.952147
0: Batch 160/2106
0: 27.797487
0: Batch 160/2106
0: 27.032843
0: Batch 160/2106
0: 24.221355
0: Batch 160/2106
0: 24.367624
0: Batch 160/2106
0: 22.835978
0: Batch 160/2106
0: 22.668917
0: Batch 161/2106
0: 16.352625
0: Batch 161/2106
0: 24.965141
0: Batch 161/2106
0: 25.476156
0: Batch 161/2106
0: 27.54744
0: Batch 161/2106
0: 22.168657
0: Batch 161/2106
0: 24.065514
0: Batch 161/2106
0: 25.601013
0: Batch 161/2106
0: 27.28338
0: Batch 161/2106
0: 23.80861
0: Batch 161/2106
0: 19.45021
0: Batch 162/2106
0: 25.869894
0: Batch 162/2106
0: 19.185532
0: Batch 162/2106
0: 28.488537
0: Batch 162/2106
0: 25.870651
0: Batch 162/2106
0: 23.745424
0: Batch 162/2106
0: 23.960083
0: Batch 162/2106
0: 21.964931
0: Batch 162/2106
0: 27.13469
0: Batch 162/2106
0: 21.64235
0: Batch 162/2106
0: 21.346016
0: Batch 163/2106
0: 21.716337
0: Batch 163/2106
0: 27.113724
0: Batch 163/2106
0: 20.49513
0: Batch 163/2106
0: 20.314735
0: Batch 163/2106
0: 20.380844
0: Batch 163/2106
0: 19.945074
0: Batch 163/2106
0: 22.884369
0: Batch 163/2106
0: 23.403584
0: Batch 163/2106
0: 26.844929
0: Batch 163/2106
0: 24.71024
0: Batch 164/2106
0: 25.482141
0: Batch 164/2106
0: 21.817225
0: Batch 164/2106
0: 26.086054
0: Batch 164/2106
0: 23.963709
0: Batch 164/2106
0: 25.707314
0: Batch 164/2106
0: 26.450325
0: Batch 164/2106
0: 23.220224
0: Batch 164/2106
0: 20.651777
0: Batch 164/2106
0: 26.083794
0: Batch 164/2106
0: 25.411386
0: Batch 165/2106
0: 25.227404
0: Batch 165/2106
0: 17.557322
0: Batch 165/2106
0: 18.157682
0: Batch 165/2106
0: 25.267855
0: Batch 165/2106
0: 25.400728
0: Batch 165/2106
0: 23.621574
0: Batch 165/2106
0: 25.799868
0: Batch 165/2106
0: 29.10026
0: Batch 165/2106
0: 29.276878
0: Batch 165/2106
0: 22.715742
0: Batch 166/2106
0: 27.585087
0: Batch 166/2106
0: 23.239658
0: Batch 166/2106
0: 26.489325
0: Batch 166/2106
0: 25.40771
0: Batch 166/2106
0: 22.949121
0: Batch 166/2106
0: 25.090548
0: Batch 166/2106
0: 23.529655
0: Batch 166/2106
0: 23.366693
0: Batch 166/2106
0: 17.891375
0: Batch 166/2106
0: 26.966513
0: Batch 167/2106
0: 23.899887
0: Batch 167/2106
0: 25.105078
0: Batch 167/2106
0: 22.071354
0: Batch 167/2106
0: 26.526045
0: Batch 167/2106
0: 22.663029
0: Batch 167/2106
0: 26.892376
0: Batch 167/2106
0: 21.614025
0: Batch 167/2106
0: 27.27369
0: Batch 167/2106
0: 27.505678
0: Batch 167/2106
0: 24.696642
0: Batch 168/2106
0: 29.321424
0: Batch 168/2106
0: 17.843143
0: Batch 168/2106
0: 22.215267
0: Batch 168/2106
0: 30.251516
0: Batch 168/2106
0: 21.657831
0: Batch 168/2106
0: 26.29963
0: Batch 168/2106
0: 26.110008
0: Batch 168/2106
0: 24.781328
0: Batch 168/2106
0: 25.7937
0: Batch 168/2106
0: 21.23771
0: Batch 169/2106
0: 25.50233
0: Batch 169/2106
0: 24.502737
0: Batch 169/2106
0: 27.840143
0: Batch 169/2106
0: 26.328608
0: Batch 169/2106
0: 27.490631
0: Batch 169/2106
0: 25.356077
0: Batch 169/2106
0: 26.691145
0: Batch 169/2106
0: 21.962961
0: Batch 169/2106
0: 22.52246
0: Batch 169/2106
0: 25.85473
0: Batch 170/2106
0: 24.139456
0: Batch 170/2106
0: 29.247103
0: Batch 170/2106
0: 22.554684
0: Batch 170/2106
0: 18.057098
0: Batch 170/2106
0: 21.885485
0: Batch 170/2106
0: 29.296103
0: Batch 170/2106
0: 20.128572
0: Batch 170/2106
0: 26.90824
0: Batch 170/2106
0: 22.841946
0: Batch 170/2106
0: 24.212746
0: Batch 171/2106
0: 25.874897
0: Batch 171/2106
0: 25.75391
0: Batch 171/2106
0: 13.468567
0: Batch 171/2106
0: 26.92426
0: Batch 171/2106
0: 26.388636
0: Batch 171/2106
0: 21.612482
0: Batch 171/2106
0: 24.138977
0: Batch 171/2106
0: 29.713413
0: Batch 171/2106
0: 24.094704
0: Batch 171/2106
0: 25.147463
0: Batch 172/2106
0: 23.698395
0: Batch 172/2106
0: 24.268719
0: Batch 172/2106
0: 27.612104
0: Batch 172/2106
0: 30.91918
0: Batch 172/2106
0: 21.812208
0: Batch 172/2106
0: 24.492313
0: Batch 172/2106
0: 14.509228
0: Batch 172/2106
0: 21.461113
0: Batch 172/2106
0: 24.771614
0: Batch 172/2106
0: 21.545649
0: Batch 173/2106
0: 16.67623
0: Batch 173/2106
0: 28.658493
0: Batch 173/2106
0: 27.078259
0: Batch 173/2106
0: 25.722994
0: Batch 173/2106
0: 24.316385
0: Batch 173/2106
0: 21.424364
0: Batch 173/2106
0: 24.949871
0: Batch 173/2106
0: 18.628815
0: Batch 173/2106
0: 19.182453
0: Batch 173/2106
0: 26.063396
0: Batch 174/2106
0: 14.119221
0: Batch 174/2106
0: 21.664516
0: Batch 174/2106
0: 23.11852
0: Batch 174/2106
0: 30.143269
0: Batch 174/2106
0: 25.67604
0: Batch 174/2106
0: 19.787464
0: Batch 174/2106
0: 23.272993
0: Batch 174/2106
0: 25.989674
0: Batch 174/2106
0: 25.742214
0: Batch 174/2106
0: 23.721506
0: Batch 175/2106
0: 17.454119
0: Batch 175/2106
0: 22.472532
0: Batch 175/2106
0: 21.19948
0: Batch 175/2106
0: 19.940266
0: Batch 175/2106
0: 29.526085
0: Batch 175/2106
0: 22.474949
0: Batch 175/2106
0: 26.616411
0: Batch 175/2106
0: 27.719513
0: Batch 175/2106
0: 27.354408
0: Batch 175/2106
0: 21.39709
0: Batch 176/2106
0: 26.481283
0: Batch 176/2106
0: 22.439907
0: Batch 176/2106
0: 25.649004
0: Batch 176/2106
0: 25.064081
0: Batch 176/2106
0: 18.31709
0: Batch 176/2106
0: 21.944862
0: Batch 176/2106
0: 26.632044
0: Batch 176/2106
0: 19.734812
0: Batch 176/2106
0: 25.865286
0: Batch 176/2106
0: 24.84588
0: Batch 177/2106
0: 27.076725
0: Batch 177/2106
0: 27.19283
0: Batch 177/2106
0: 26.119398
0: Batch 177/2106
0: 26.844643
0: Batch 177/2106
0: 27.218052
0: Batch 177/2106
0: 27.502405
0: Batch 177/2106
0: 20.230068
0: Batch 177/2106
0: 21.274
0: Batch 177/2106
0: 22.699867
0: Batch 177/2106
0: 26.986647
0: Batch 178/2106
0: 21.055534
0: Batch 178/2106
0: 31.810078
0: Batch 178/2106
0: 23.8498
0: Batch 178/2106
0: 23.264395
0: Batch 178/2106
0: 18.774965
0: Batch 178/2106
0: 19.360453
0: Batch 178/2106
0: 26.173296
0: Batch 178/2106
0: 23.36651
0: Batch 178/2106
0: 22.165577
0: Batch 178/2106
0: 31.216629
0: Batch 179/2106
0: 20.470808
0: Batch 179/2106
0: 27.0332
0: Batch 179/2106
0: 23.712416
0: Batch 179/2106
0: 27.379066
0: Batch 179/2106
0: 16.701775
0: Batch 179/2106
0: 22.814678
0: Batch 179/2106
0: 28.629488
0: Batch 179/2106
0: 24.851435
0: Batch 179/2106
0: 19.509075
0: Batch 179/2106
0: 22.871166
0: Batch 180/2106
0: 20.254929
0: Batch 180/2106
0: 20.317242
0: Batch 180/2106
0: 24.112553
0: Batch 180/2106
0: 24.392347
0: Batch 180/2106
0: 23.782028
0: Batch 180/2106
0: 21.813765
0: Batch 180/2106
0: 27.105524
0: Batch 180/2106
0: 27.039856
0: Batch 180/2106
0: 24.00763
0: Batch 180/2106
0: 21.109158
0: Batch 181/2106
0: 27.585783
0: Batch 181/2106
0: 25.05858
0: Batch 181/2106
0: 27.108032
0: Batch 181/2106
0: 16.583258
0: Batch 181/2106
0: 15.957279
0: Batch 181/2106
0: 25.449661
0: Batch 181/2106
0: 29.085417
0: Batch 181/2106
0: 25.632275
0: Batch 181/2106
0: 19.631483
0: Batch 181/2106
0: 24.053745
0: Batch 182/2106
0: 20.544342
0: Batch 182/2106
0: 26.745247
0: Batch 182/2106
0: 17.464947
0: Batch 182/2106
0: 27.551147
0: Batch 182/2106
0: 29.659266
0: Batch 182/2106
0: 19.588049
0: Batch 182/2106
0: 21.13795
0: Batch 182/2106
0: 21.154263
0: Batch 182/2106
0: 14.85593
0: Batch 182/2106
0: 24.956005
0: Batch 183/2106
0: 21.080484
0: Batch 183/2106
0: 24.36249
0: Batch 183/2106
0: 27.372526
0: Batch 183/2106
0: 23.105997
0: Batch 183/2106
0: 26.235138
0: Batch 183/2106
0: 27.595106
0: Batch 183/2106
0: 22.348534
0: Batch 183/2106
0: 22.961094
0: Batch 183/2106
0: 26.0778
0: Batch 183/2106
0: 22.271387
0: Batch 184/2106
0: 28.055407
0: Batch 184/2106
0: 28.296448
0: Batch 184/2106
0: 18.97014
0: Batch 184/2106
0: 27.457884
0: Batch 184/2106
0: 26.382286
0: Batch 184/2106
0: 27.642946
0: Batch 184/2106
0: 25.349237
0: Batch 184/2106
0: 28.724035
0: Batch 184/2106
0: 28.774893
0: Batch 184/2106
0: 27.327808
0: Batch 185/2106
0: 28.946386
0: Batch 185/2106
0: 21.175028
0: Batch 185/2106
0: 30.722403
0: Batch 185/2106
0: 22.156662
0: Batch 185/2106
0: 26.08303
0: Batch 185/2106
0: 23.837557
0: Batch 185/2106
0: 23.36716
0: Batch 185/2106
0: 19.045757
0: Batch 185/2106
0: 21.577845
0: Batch 185/2106
0: 23.11858
0: Batch 186/2106
0: 17.089985
0: Batch 186/2106
0: 25.652039
0: Batch 186/2106
0: 25.582342
0: Batch 186/2106
0: 23.976898
0: Batch 186/2106
0: 25.724041
0: Batch 186/2106
0: 25.06177
0: Batch 186/2106
0: 20.457918
0: Batch 186/2106
0: 26.735456
0: Batch 186/2106
0: 16.350426
0: Batch 186/2106
0: 30.649782
0: Batch 187/2106
0: 17.421516
0: Batch 187/2106
0: 20.462286
0: Batch 187/2106
0: 22.6549
0: Batch 187/2106
0: 21.495998
0: Batch 187/2106
0: 21.929447
0: Batch 187/2106
0: 24.38136
0: Batch 187/2106
0: 22.271135
0: Batch 187/2106
0: 23.731667
0: Batch 187/2106
0: 23.463785
0: Batch 187/2106
0: 25.09301
0: Batch 188/2106
0: 25.289097
0: Batch 188/2106
0: 26.520859
0: Batch 188/2106
0: 24.924261
0: Batch 188/2106
0: 13.064915
0: Batch 188/2106
0: 30.577133
0: Batch 188/2106
0: 20.487831
0: Batch 188/2106
0: 16.754704
0: Batch 188/2106
0: 29.871464
0: Batch 188/2106
0: 19.822609
0: Batch 188/2106
0: 22.50138
0: Batch 189/2106
0: 21.809414
0: Batch 189/2106
0: 22.841368
0: Batch 189/2106
0: 22.119312
0: Batch 189/2106
0: 23.700836
0: Batch 189/2106
0: 28.703762
0: Batch 189/2106
0: 21.340296
0: Batch 189/2106
0: 20.536215
0: Batch 189/2106
0: 21.360601
0: Batch 189/2106
0: 20.176466
0: Batch 189/2106
0: 20.51518
0: Batch 190/2106
0: 22.01377
0: Batch 190/2106
0: 23.2937
0: Batch 190/2106
0: 23.415844
0: Batch 190/2106
0: 24.672926
0: Batch 190/2106
0: 22.378641
0: Batch 190/2106
0: 18.872421
0: Batch 190/2106
0: 26.078068
0: Batch 190/2106
0: 22.984938
0: Batch 190/2106
0: 29.871372
0: Batch 190/2106
0: 27.004108
0: Batch 191/2106
0: 19.901957
0: Batch 191/2106
0: 24.70131
0: Batch 191/2106
0: 23.313898
0: Batch 191/2106
0: 26.089415
0: Batch 191/2106
0: 25.708576
0: Batch 191/2106
0: 24.86234
0: Batch 191/2106
0: 27.685497
0: Batch 191/2106
0: 24.79059
0: Batch 191/2106
0: 24.273987
0: Batch 191/2106
0: 25.334846
0: Batch 192/2106
0: 21.983341
0: Batch 192/2106
0: 26.125399
0: Batch 192/2106
0: 18.093935
0: Batch 192/2106
0: 20.915476
0: Batch 192/2106
0: 33.22519
0: Batch 192/2106
0: 22.444515
0: Batch 192/2106
0: 27.90431
0: Batch 192/2106
0: 28.257658
0: Batch 192/2106
0: 18.809843
0: Batch 192/2106
0: 28.519524
0: Batch 193/2106
0: 23.85621
0: Batch 193/2106
0: 29.452164
0: Batch 193/2106
0: 22.3676
0: Batch 193/2106
0: 22.536633
0: Batch 193/2106
0: 18.182808
0: Batch 193/2106
0: 22.18267
0: Batch 193/2106
0: 23.411022
0: Batch 193/2106
0: 23.959623
0: Batch 193/2106
0: 23.067528
0: Batch 193/2106
0: 20.008093
0: Batch 194/2106
0: 23.130009
0: Batch 194/2106
0: 30.539078
0: Batch 194/2106
0: 27.333855
0: Batch 194/2106
0: 30.11151
0: Batch 194/2106
0: 21.802261
0: Batch 194/2106
0: 20.493473
0: Batch 194/2106
0: 23.128204
0: Batch 194/2106
0: 24.71504
0: Batch 194/2106
0: 21.855522
0: Batch 194/2106
0: 24.65014
0: Batch 195/2106
0: 27.691254
0: Batch 195/2106
0: 26.16632
0: Batch 195/2106
0: 19.905443
0: Batch 195/2106
0: 22.581108
0: Batch 195/2106
0: 27.778416
0: Batch 195/2106
0: 21.531002
0: Batch 195/2106
0: 18.26588
0: Batch 195/2106
0: 22.266783
0: Batch 195/2106
0: 26.908478
0: Batch 195/2106
0: 25.308826
0: Batch 196/2106
0: 22.929644
0: Batch 196/2106
0: 21.53835
0: Batch 196/2106
0: 28.530169
0: Batch 196/2106
0: 30.384642
0: Batch 196/2106
0: 17.24436
0: Batch 196/2106
0: 22.251144
0: Batch 196/2106
0: 22.33206
0: Batch 196/2106
0: 20.849466
0: Batch 196/2106
0: 22.50087
0: Batch 196/2106
0: 23.050755
0: Batch 197/2106
0: 23.97647
0: Batch 197/2106
0: 23.11592
0: Batch 197/2106
0: 28.209473
0: Batch 197/2106
0: 21.025885
0: Batch 197/2106
0: 19.690472
0: Batch 197/2106
0: 20.959074
0: Batch 197/2106
0: 24.748758
0: Batch 197/2106
0: 29.484901
0: Batch 197/2106
0: 26.511824
0: Batch 197/2106
0: 22.162357
0: Batch 198/2106
0: 13.265549
0: Batch 198/2106
0: 16.006557
0: Batch 198/2106
0: 27.352106
0: Batch 198/2106
0: 31.282316
0: Batch 198/2106
0: 18.733515
0: Batch 198/2106
0: 23.480545
0: Batch 198/2106
0: 18.511372
0: Batch 198/2106
0: 24.475843
0: Batch 198/2106
0: 25.041658
0: Batch 198/2106
0: 28.842655
0: Batch 199/2106
0: 20.532524
0: Batch 199/2106
0: 24.656778
0: Batch 199/2106
0: 24.673475
0: Batch 199/2106
0: 23.574015
0: Batch 199/2106
0: 16.158651
0: Batch 199/2106
0: 12.451916
0: Batch 199/2106
0: 24.475313
0: Batch 199/2106
0: 19.071814
0: Batch 199/2106
0: 16.944208
0: Batch 199/2106
0: 21.101767
0: Batch 200/2106
0: 26.258892
0: Batch 200/2106
0: 26.63161
0: Batch 200/2106
0: 25.214842
0: Batch 200/2106
0: 19.852537
0: Batch 200/2106
0: 24.042654
0: Batch 200/2106
0: 23.107254
0: Batch 200/2106
0: 23.889223
0: Batch 200/2106
0: 34.160294
0: Batch 200/2106
0: 25.712467
0: Batch 200/2106
0: 29.07581
0: Batch 201/2106
0: 22.357624
0: Batch 201/2106
0: 29.208147
0: Batch 201/2106
0: 21.663725
0: Batch 201/2106
0: 23.396431
0: Batch 201/2106
0: 23.543901
0: Batch 201/2106
0: 24.499794
0: Batch 201/2106
0: 26.121655
0: Batch 201/2106
0: 22.621145
0: Batch 201/2106
0: 29.822578
0: Batch 201/2106
0: 21.565613
0: Batch 202/2106
0: 26.36376
0: Batch 202/2106
0: 17.490717
0: Batch 202/2106
0: 21.360582
0: Batch 202/2106
0: 17.144594
0: Batch 202/2106
0: 22.658844
0: Batch 202/2106
0: 24.628605
0: Batch 202/2106
0: 25.439098
0: Batch 202/2106
0: 30.29388
0: Batch 202/2106
0: 23.79534
0: Batch 202/2106
0: 21.267212
0: Batch 203/2106
0: 26.102896
0: Batch 203/2106
0: 24.812256
0: Batch 203/2106
0: 27.867441
0: Batch 203/2106
0: 24.591621
0: Batch 203/2106
0: 23.838469
0: Batch 203/2106
0: 21.706066
0: Batch 203/2106
0: 22.581598
0: Batch 203/2106
0: 19.214312
0: Batch 203/2106
0: 29.700415
0: Batch 203/2106
0: 23.310272
0: Batch 204/2106
0: 23.305658
0: Batch 204/2106
0: 25.128723
0: Batch 204/2106
0: 25.151747
0: Batch 204/2106
0: 23.38143
0: Batch 204/2106
0: 25.891237
0: Batch 204/2106
0: 28.97781
0: Batch 204/2106
0: 27.991058
0: Batch 204/2106
0: 24.912289
0: Batch 204/2106
0: 21.862251
0: Batch 204/2106
0: 30.740671
0: Batch 205/2106
0: 26.178463
0: Batch 205/2106
0: 24.949356
0: Batch 205/2106
0: 24.106358
0: Batch 205/2106
0: 30.838453
0: Batch 205/2106
0: 24.609451
0: Batch 205/2106
0: 24.207035
0: Batch 205/2106
0: 22.805182
0: Batch 205/2106
0: 22.252262
0: Batch 205/2106
0: 22.653109
0: Batch 205/2106
0: 23.35611
0: Batch 206/2106
0: 27.089064
0: Batch 206/2106
0: 15.67918
0: Batch 206/2106
0: 27.301304
0: Batch 206/2106
0: 16.863325
0: Batch 206/2106
0: 25.152842
0: Batch 206/2106
0: 25.681328
0: Batch 206/2106
0: 26.590752
0: Batch 206/2106
0: 23.406881
0: Batch 206/2106
0: 20.970514
0: Batch 206/2106
0: 24.616041
0: Batch 207/2106
0: 24.206425
0: Batch 207/2106
0: 22.05782
0: Batch 207/2106
0: 24.189726
0: Batch 207/2106
0: 30.911297
0: Batch 207/2106
0: 24.481472
0: Batch 207/2106
0: 29.243214
0: Batch 207/2106
0: 19.731976
0: Batch 207/2106
0: 26.57728
0: Batch 207/2106
0: 23.41251
0: Batch 207/2106
0: 33.259346
0: Batch 208/2106
0: 23.934599
0: Batch 208/2106
0: 21.991491
0: Batch 208/2106
0: 24.672913
0: Batch 208/2106
0: 22.206526
0: Batch 208/2106
0: 23.462254
0: Batch 208/2106
0: 26.083017
0: Batch 208/2106
0: 20.552822
0: Batch 208/2106
0: 26.3461
0: Batch 208/2106
0: 16.543104
0: Batch 208/2106
0: 32.677876
0: Batch 209/2106
0: 21.228317
0: Batch 209/2106
0: 22.87383
0: Batch 209/2106
0: 21.061312
0: Batch 209/2106
0: 22.247288
0: Batch 209/2106
0: 19.343945
0: Batch 209/2106
0: 20.797487
0: Batch 209/2106
0: 26.181625
0: Batch 209/2106
0: 19.312435
0: Batch 209/2106
0: 28.081623
0: Batch 209/2106
0: 27.391375
0: Batch 210/2106
0: 21.129885
0: Batch 210/2106
0: 24.206617
0: Batch 210/2106
0: 27.312252
0: Batch 210/2106
0: 19.573036
0: Batch 210/2106
0: 23.077496
0: Batch 210/2106
0: 25.319479
0: Batch 210/2106
0: 24.82169
0: Batch 210/2106
0: 23.21209
0: Batch 210/2106
0: 19.402487
0: Batch 210/2106
0: 26.417276
0: Batch 211/2106
0: 20.172049
0: Batch 211/2106
0: 26.436243
0: Batch 211/2106
0: 22.245703
0: Batch 211/2106
0: 29.090433
0: Batch 211/2106
0: 25.567259
0: Batch 211/2106
0: 26.065023
0: Batch 211/2106
0: 21.519606
0: Batch 211/2106
0: 29.809664
0: Batch 211/2106
0: 24.027916
0: Batch 211/2106
0: 22.980068
0: Batch 212/2106
0: 24.149399
0: Batch 212/2106
0: 23.312014
0: Batch 212/2106
0: 21.61913
0: Batch 212/2106
0: 24.90481
0: Batch 212/2106
0: 26.142673
0: Batch 212/2106
0: 17.623997
0: Batch 212/2106
0: 16.978376
0: Batch 212/2106
0: 21.818996
0: Batch 212/2106
0: 21.721458
0: Batch 212/2106
0: 17.755114
0: Batch 213/2106
0: 20.933046
0: Batch 213/2106
0: 28.670895
0: Batch 213/2106
0: 18.462978
0: Batch 213/2106
0: 27.86843
0: Batch 213/2106
0: 26.826786
0: Batch 213/2106
0: 19.06842
0: Batch 213/2106
0: 26.75961
0: Batch 213/2106
0: 30.583563
0: Batch 213/2106
0: 22.582836
0: Batch 213/2106
0: 21.737751
0: Batch 214/2106
0: 23.088366
0: Batch 214/2106
0: 24.909224
0: Batch 214/2106
0: 20.304049
0: Batch 214/2106
0: 24.695438
0: Batch 214/2106
0: 24.760332
0: Batch 214/2106
0: 17.498428
0: Batch 214/2106
0: 26.585245
0: Batch 214/2106
0: 24.66338
0: Batch 214/2106
0: 24.04352
0: Batch 214/2106
0: 22.022488
0: Batch 215/2106
0: 20.570501
0: Batch 215/2106
0: 23.132492
0: Batch 215/2106
0: 28.703354
0: Batch 215/2106
0: 25.6476
0: Batch 215/2106
0: 19.523386
0: Batch 215/2106
0: 30.616186
0: Batch 215/2106
0: 21.642796
0: Batch 215/2106
0: 22.656122
0: Batch 215/2106
0: 26.256794
0: Batch 215/2106
0: 33.54885
0: Batch 216/2106
0: 22.171637
0: Batch 216/2106
0: 24.282421
0: Batch 216/2106
0: 22.387035
0: Batch 216/2106
0: 25.830002
0: Batch 216/2106
0: 25.925758
0: Batch 216/2106
0: 14.919521
0: Batch 216/2106
0: 26.687948
0: Batch 216/2106
0: 18.34542
0: Batch 216/2106
0: 20.890385
0: Batch 216/2106
0: 22.143873
0: Batch 217/2106
0: 28.082024
0: Batch 217/2106
0: 24.132055
0: Batch 217/2106
0: 25.21853
0: Batch 217/2106
0: 24.649036
0: Batch 217/2106
0: 21.171251
0: Batch 217/2106
0: 20.041945
0: Batch 217/2106
0: 27.942856
0: Batch 217/2106
0: 22.219175
0: Batch 217/2106
0: 16.597263
0: Batch 217/2106
0: 19.607212
0: Batch 218/2106
0: 26.636942
0: Batch 218/2106
0: 25.169102
0: Batch 218/2106
0: 24.677492
0: Batch 218/2106
0: 26.372345
0: Batch 218/2106
0: 20.892694
0: Batch 218/2106
0: 22.532728
0: Batch 218/2106
0: 25.267637
0: Batch 218/2106
0: 25.540108
0: Batch 218/2106
0: 26.743908
0: Batch 218/2106
0: 22.009418
0: Batch 219/2106
0: 23.377958
0: Batch 219/2106
0: 30.673075
0: Batch 219/2106
0: 23.96714
0: Batch 219/2106
0: 23.26727
0: Batch 219/2106
0: 21.238304
0: Batch 219/2106
0: 26.418858
0: Batch 219/2106
0: 17.499624
0: Batch 219/2106
0: 19.610447
0: Batch 219/2106
0: 25.091513
0: Batch 219/2106
0: 24.340954
0: Batch 220/2106
0: 22.201052
0: Batch 220/2106
0: 22.243065
0: Batch 220/2106
0: 20.323875
0: Batch 220/2106
0: 28.656778
0: Batch 220/2106
0: 19.138248
0: Batch 220/2106
0: 24.370722
0: Batch 220/2106
0: 18.268833
0: Batch 220/2106
0: 26.770689
0: Batch 220/2106
0: 15.780804
0: Batch 220/2106
0: 28.647625
0: Batch 221/2106
0: 23.38222
0: Batch 221/2106
0: 23.462748
0: Batch 221/2106
0: 26.083817
0: Batch 221/2106
0: 17.968668
0: Batch 221/2106
0: 18.671083
0: Batch 221/2106
0: 23.631702
0: Batch 221/2106
0: 17.219091
0: Batch 221/2106
0: 27.003302
0: Batch 221/2106
0: 21.516863
0: Batch 221/2106
0: 26.20441
0: Batch 222/2106
0: 28.449131
0: Batch 222/2106
0: 18.109104
0: Batch 222/2106
0: 22.212643
0: Batch 222/2106
0: 24.012075
0: Batch 222/2106
0: 24.307636
0: Batch 222/2106
0: 26.096355
0: Batch 222/2106
0: 21.702343
0: Batch 222/2106
0: 25.25891
0: Batch 222/2106
0: 29.360086
0: Batch 222/2106
0: 24.944012
0: Batch 223/2106
0: 21.983276
0: Batch 223/2106
0: 22.687044
0: Batch 223/2106
0: 31.208735
0: Batch 223/2106
0: 22.89805
0: Batch 223/2106
0: 24.476418
0: Batch 223/2106
0: 22.873903
0: Batch 223/2106
0: 25.18283
0: Batch 223/2106
0: 26.170599
0: Batch 223/2106
0: 20.52549
0: Batch 223/2106
0: 25.043333
0: Batch 224/2106
0: 28.7278
0: Batch 224/2106
0: 25.025135
0: Batch 224/2106
0: 15.84779
0: Batch 224/2106
0: 29.437963
0: Batch 224/2106
0: 30.093536
0: Batch 224/2106
0: 24.464977
0: Batch 224/2106
0: 16.864073
0: Batch 224/2106
0: 27.343397
0: Batch 224/2106
0: 24.425938
0: Batch 224/2106
0: 22.8317
0: Batch 225/2106
0: 17.888372
0: Batch 225/2106
0: 22.13613
0: Batch 225/2106
0: 26.332508
0: Batch 225/2106
0: 21.771727
0: Batch 225/2106
0: 31.823322
0: Batch 225/2106
0: 23.670244
0: Batch 225/2106
0: 25.734034
0: Batch 225/2106
0: 21.740715
0: Batch 225/2106
0: 16.470377
0: Batch 225/2106
0: 27.468956
0: Batch 226/2106
0: 23.295263
0: Batch 226/2106
0: 24.72174
0: Batch 226/2106
0: 25.703884
0: Batch 226/2106
0: 31.401731
0: Batch 226/2106
0: 23.019384
0: Batch 226/2106
0: 16.304317
0: Batch 226/2106
0: 21.790838
0: Batch 226/2106
0: 26.193356
0: Batch 226/2106
0: 23.00878
0: Batch 226/2106
0: 26.096891
0: Batch 227/2106
0: 22.955267
0: Batch 227/2106
0: 27.28842
0: Batch 227/2106
0: 24.088657
0: Batch 227/2106
0: 26.744616
0: Batch 227/2106
0: 22.256641
0: Batch 227/2106
0: 26.54931
0: Batch 227/2106
0: 30.05581
0: Batch 227/2106
0: 21.997906
0: Batch 227/2106
0: 26.404713
0: Batch 227/2106
0: 27.941866
0: Batch 228/2106
0: 23.428562
0: Batch 228/2106
0: 24.044846
0: Batch 228/2106
0: 22.37724
0: Batch 228/2106
0: 26.238813
0: Batch 228/2106
0: 23.4706
0: Batch 228/2106
0: 21.247442
0: Batch 228/2106
0: 21.182306
0: Batch 228/2106
0: 24.78792
0: Batch 228/2106
0: 26.519697
0: Batch 228/2106
0: 23.800037
0: Batch 229/2106
0: 22.668182
0: Batch 229/2106
0: 26.467419
0: Batch 229/2106
0: 20.855627
0: Batch 229/2106
0: 26.01021
0: Batch 229/2106
0: 24.795769
0: Batch 229/2106
0: 24.136454
0: Batch 229/2106
0: 22.350897
0: Batch 229/2106
0: 21.061317
0: Batch 229/2106
0: 27.918169
0: Batch 229/2106
0: 20.791199
0: Batch 230/2106
0: 22.760359
0: Batch 230/2106
0: 22.477581
0: Batch 230/2106
0: 19.079832
0: Batch 230/2106
0: 27.828642
0: Batch 230/2106
0: 28.4337
0: Batch 230/2106
0: 32.015213
0: Batch 230/2106
0: 17.912178
0: Batch 230/2106
0: 19.692255
0: Batch 230/2106
0: 27.567144
0: Batch 230/2106
0: 28.846754
0: Batch 231/2106
0: 25.0145
0: Batch 231/2106
0: 25.810232
0: Batch 231/2106
0: 26.856794
0: Batch 231/2106
0: 19.291422
0: Batch 231/2106
0: 22.802423
0: Batch 231/2106
0: 26.7182
0: Batch 231/2106
0: 18.725813
0: Batch 231/2106
0: 22.37252
0: Batch 231/2106
0: 20.216202
0: Batch 231/2106
0: 25.786526
0: Batch 232/2106
0: 26.519762
0: Batch 232/2106
0: 23.318121
0: Batch 232/2106
0: 29.839634
0: Batch 232/2106
0: 26.644772
0: Batch 232/2106
0: 27.431427
0: Batch 232/2106
0: 19.445547
0: Batch 232/2106
0: 24.482994
0: Batch 232/2106
0: 21.877638
0: Batch 232/2106
0: 25.519348
0: Batch 232/2106
0: 23.57401
0: Batch 233/2106
0: 25.46223
0: Batch 233/2106
0: 17.981462
0: Batch 233/2106
0: 18.180006
0: Batch 233/2106
0: 21.653004
0: Batch 233/2106
0: 24.925873
0: Batch 233/2106
0: 29.356667
0: Batch 233/2106
0: 25.872463
0: Batch 233/2106
0: 26.220263
0: Batch 233/2106
0: 25.889782
0: Batch 233/2106
0: 25.420311
0: Batch 234/2106
0: 20.837183
0: Batch 234/2106
0: 22.732943
0: Batch 234/2106
0: 19.167719
0: Batch 234/2106
0: 29.166876
0: Batch 234/2106
0: 18.864994
0: Batch 234/2106
0: 27.73521
0: Batch 234/2106
0: 25.367325
0: Batch 234/2106
0: 19.266874
0: Batch 234/2106
0: 18.412457
0: Batch 234/2106
0: 26.100473
0: Batch 235/2106
0: 25.99072
0: Batch 235/2106
0: 21.474619
